This is pdfTeX, Version 3.14159265-2.6-1.40.17 (TeX Live 2016) (preloaded format=pdflatex 2016.7.15)  13 FEB 2017 15:51
entering extended mode
 \write18 enabled.
 %&-line parsing enabled.
**paper.tex
(./paper.tex
LaTeX2e <2016/03/31>
Babel <3.9r> and hyphenation patterns for 83 language(s) loaded.
(/usr/local/texlive/2016/texmf-dist/tex/latex/base/article.cls
Document Class: article 2014/09/29 v1.4h Standard LaTeX document class
(/usr/local/texlive/2016/texmf-dist/tex/latex/base/size10.clo
File: size10.clo 2014/09/29 v1.4h Standard LaTeX file (size option)
)
\c@part=\count79
\c@section=\count80
\c@subsection=\count81
\c@subsubsection=\count82
\c@paragraph=\count83
\c@subparagraph=\count84
\c@figure=\count85
\c@table=\count86
\abovecaptionskip=\skip41
\belowcaptionskip=\skip42
\bibindent=\dimen102
)
(/usr/local/texlive/2016/texmf-dist/tex/latex/geometry/geometry.sty
Package: geometry 2010/09/12 v5.6 Page Geometry

(/usr/local/texlive/2016/texmf-dist/tex/latex/graphics/keyval.sty
Package: keyval 2014/10/28 v1.15 key=value parser (DPC)
\KV@toks@=\toks14
)
(/usr/local/texlive/2016/texmf-dist/tex/generic/oberdiek/ifpdf.sty
Package: ifpdf 2016/05/14 v3.1 Provides the ifpdf switch
)
(/usr/local/texlive/2016/texmf-dist/tex/generic/oberdiek/ifvtex.sty
Package: ifvtex 2016/05/16 v1.6 Detect VTeX and its facilities (HO)
Package ifvtex Info: VTeX not detected.
)
(/usr/local/texlive/2016/texmf-dist/tex/generic/ifxetex/ifxetex.sty
Package: ifxetex 2010/09/12 v0.6 Provides ifxetex conditional
)
\Gm@cnth=\count87
\Gm@cntv=\count88
\c@Gm@tempcnt=\count89
\Gm@bindingoffset=\dimen103
\Gm@wd@mp=\dimen104
\Gm@odd@mp=\dimen105
\Gm@even@mp=\dimen106
\Gm@layoutwidth=\dimen107
\Gm@layoutheight=\dimen108
\Gm@layouthoffset=\dimen109
\Gm@layoutvoffset=\dimen110
\Gm@dimlist=\toks15
)
(/usr/local/texlive/2016/texmf-dist/tex/latex/auto-pst-pdf/auto-pst-pdf.sty
Package: auto-pst-pdf 2009/04/26 v0.6 Wrapper for pst-pdf

(/usr/local/texlive/2016/texmf-dist/tex/latex/xkeyval/xkeyval.sty
Package: xkeyval 2014/12/03 v2.7a package option processing (HA)

(/usr/local/texlive/2016/texmf-dist/tex/generic/xkeyval/xkeyval.tex
(/usr/local/texlive/2016/texmf-dist/tex/generic/xkeyval/xkvutils.tex
\XKV@toks=\toks16
\XKV@tempa@toks=\toks17
)
\XKV@depth=\count90
File: xkeyval.tex 2014/12/03 v2.7a key=value parser (HA)
))
(/usr/local/texlive/2016/texmf-dist/tex/latex/ifplatform/ifplatform.sty
Package: ifplatform 2010/10/22 v0.4 Testing for the operating system

(/usr/local/texlive/2016/texmf-dist/tex/generic/oberdiek/pdftexcmds.sty
Package: pdftexcmds 2016/05/10 v0.21 Utility functions of pdfTeX for LuaTeX (HO
)

(/usr/local/texlive/2016/texmf-dist/tex/generic/oberdiek/infwarerr.sty
Package: infwarerr 2016/05/16 v1.4 Providing info/warning/error messages (HO)
)
(/usr/local/texlive/2016/texmf-dist/tex/generic/oberdiek/ifluatex.sty
Package: ifluatex 2016/05/16 v1.4 Provides the ifluatex switch (HO)
Package ifluatex Info: LuaTeX not detected.
)
(/usr/local/texlive/2016/texmf-dist/tex/generic/oberdiek/ltxcmds.sty
Package: ltxcmds 2016/05/16 v1.23 LaTeX kernel commands for general use (HO)
)
Package pdftexcmds Info: LuaTeX not detected.
Package pdftexcmds Info: \pdf@primitive is available.
Package pdftexcmds Info: \pdf@ifprimitive is available.
Package pdftexcmds Info: \pdfdraftmode found.
)
(/usr/local/texlive/2016/texmf-dist/tex/generic/oberdiek/catchfile.sty
Package: catchfile 2016/05/16 v1.7 Catch the contents of a file (HO)

(/usr/local/texlive/2016/texmf-dist/tex/generic/oberdiek/etexcmds.sty
Package: etexcmds 2016/05/16 v1.6 Avoid name clashes with e-TeX commands (HO)
Package etexcmds Info: Could not find \expanded.
(etexcmds)             That can mean that you are not using pdfTeX 1.50 or
(etexcmds)             that some package has redefined \expanded.
(etexcmds)             In the latter case, load this package earlier.
))
runsystem(uname -s > "paper.w18")...executed.


(./paper.w18)
runsystem(rm -- "paper.w18")...executed.

)
\c@app@runs=\count91
runsystem(echo " ")...executed.

runsystem(echo "-------------------------------------------------")...executed.

runsystem(echo "auto-pst-pdf: Auxiliary LaTeX compilation")...executed.

runsystem(echo "-------------------------------------------------")...executed.

runsystem(rm -- "paper-pics.pdf")...executed.

runsystem(latex -no-shell-escape -jobname="paper-autopp" -interaction=batchmode
  "\let \APPmakepictures \empty \input  paper.tex")...executed.

runsystem(dvips -Ppdf -o "paper-autopp.ps" "paper-autopp.dvi")...executed.

runsystem(ps2pdf -dAutoRotatePages=/None "paper-autopp.ps" "paper-autopp.pdf").
..executed.

runsystem(pdfcrop  "paper-autopp.pdf" "paper-pics.pdf")...executed.

runsystem(rm -- "paper-autopp.log")...executed.

runsystem(rm -- "paper-autopp.dvi")...executed.

runsystem(rm -- "paper-autopp.ps")...executed.

runsystem(rm -- "paper-autopp.pdf")...executed.

runsystem(echo "-------------------------------------------------")...executed.

runsystem(echo "auto-pst-pdf: End auxiliary LaTeX compilation")...executed.

runsystem(echo "-------------------------------------------------")...executed.


(/usr/local/texlive/2016/texmf-dist/tex/latex/pst-pdf/pst-pdf.sty
Package: pst-pdf 2008/10/09 v1.1v PS graphics for pdfLaTeX (RN,HjG)
\c@pspicture=\count92

(/usr/local/texlive/2016/texmf-dist/tex/latex/graphics/graphicx.sty
Package: graphicx 2014/10/28 v1.0g Enhanced LaTeX Graphics (DPC,SPQR)

(/usr/local/texlive/2016/texmf-dist/tex/latex/graphics/graphics.sty
Package: graphics 2016/05/09 v1.0r Standard LaTeX Graphics (DPC,SPQR)

(/usr/local/texlive/2016/texmf-dist/tex/latex/graphics/trig.sty
Package: trig 2016/01/03 v1.10 sin cos tan (DPC)
)
(/usr/local/texlive/2016/texmf-dist/tex/latex/graphics-cfg/graphics.cfg
File: graphics.cfg 2016/01/02 v1.10 sample graphics configuration
)
Package graphics Info: Driver file: pdftex.def on input line 96.

(/usr/local/texlive/2016/texmf-dist/tex/latex/pdftex-def/pdftex.def
File: pdftex.def 2011/05/27 v0.06d Graphics/color for pdfTeX
\Gread@gobject=\count93
))
\Gin@req@height=\dimen111
\Gin@req@width=\dimen112
)
Package pst-pdf Info: MODE: 1 (pdfTeX mode) on input line 214.

(/usr/local/texlive/2016/texmf-dist/tex/latex/pstricks/pstricks.sty
Package: pstricks 2015/11/14 v0.62 LaTeX wrapper for `PSTricks' (RN,HV)

(/usr/local/texlive/2016/texmf-dist/tex/latex/xcolor/xcolor.sty
Package: xcolor 2016/05/11 v2.12 LaTeX color extensions (UK)

(/usr/local/texlive/2016/texmf-dist/tex/latex/graphics-cfg/color.cfg
File: color.cfg 2016/01/02 v1.6 sample color configuration
)
Package xcolor Info: Driver file: pdftex.def on input line 225.
Package xcolor Info: Model `cmy' substituted by `cmy0' on input line 1348.
Package xcolor Info: Model `hsb' substituted by `rgb' on input line 1352.
Package xcolor Info: Model `RGB' extended on input line 1364.
Package xcolor Info: Model `HTML' substituted by `rgb' on input line 1366.
Package xcolor Info: Model `Hsb' substituted by `hsb' on input line 1367.
Package xcolor Info: Model `tHsb' substituted by `hsb' on input line 1368.
Package xcolor Info: Model `HSB' substituted by `hsb' on input line 1369.
Package xcolor Info: Model `Gray' substituted by `gray' on input line 1370.
Package xcolor Info: Model `wave' substituted by `hsb' on input line 1371.
)
(/usr/local/texlive/2016/texmf-dist/tex/generic/pstricks/pstricks.tex
(/usr/local/texlive/2016/texmf-dist/tex/generic/xkeyval/pst-xkey.tex
File: pst-xkey.tex 2005/11/25 v1.6 PSTricks specialization of xkeyval (HA)
)
(/usr/local/texlive/2016/texmf-dist/tex/generic/pstricks/pst-fp.tex
`pst-fp' v0.05, 2010/01/17 (hv)
\pstFP@xs=\count94
\pstFP@xia=\count95
\pstFP@xib=\count96
\pstFP@xfa=\count97
\pstFP@xfb=\count98
\pstFP@rega=\count99
\pstFP@regb=\count100
\pstFP@regs=\count101
\pstFP@times=\count102
)
(/usr/local/texlive/2016/texmf-dist/tex/generic/pgf/utilities/pgfutil-common.te
x
\pgfutil@everybye=\toks18
\pgfutil@tempdima=\dimen113
\pgfutil@tempdimb=\dimen114

(/usr/local/texlive/2016/texmf-dist/tex/generic/pgf/utilities/pgfutil-common-li
sts.tex))
(/usr/local/texlive/2016/texmf-dist/tex/generic/pgf/utilities/pgfkeys.code.tex
\pgfkeys@pathtoks=\toks19
\pgfkeys@temptoks=\toks20

(/usr/local/texlive/2016/texmf-dist/tex/generic/pgf/utilities/pgfkeysfiltered.c
ode.tex
\pgfkeys@tmptoks=\toks21
))
(/usr/local/texlive/2016/texmf-dist/tex/generic/pgf/utilities/pgffor.code.tex
(/usr/local/texlive/2016/texmf-dist/tex/generic/pgf/math/pgfmath.code.tex
(/usr/local/texlive/2016/texmf-dist/tex/generic/pgf/math/pgfmathcalc.code.tex
(/usr/local/texlive/2016/texmf-dist/tex/generic/pgf/math/pgfmathutil.code.tex
\pgf@x=\dimen115
\pgf@xa=\dimen116
\pgf@xb=\dimen117
\pgf@xc=\dimen118
\pgf@y=\dimen119
\pgf@ya=\dimen120
\pgf@yb=\dimen121
\pgf@yc=\dimen122
\c@pgf@counta=\count103
\c@pgf@countb=\count104
\c@pgf@countc=\count105
\c@pgf@countd=\count106
\pgfutil@tempcnta=\count107
\pgfutil@tempcntb=\count108
)
(/usr/local/texlive/2016/texmf-dist/tex/generic/pgf/math/pgfmathparser.code.tex
\pgfmath@dimen=\dimen123
\pgfmath@count=\count109
\pgfmath@box=\box26
\pgfmath@toks=\toks22
\pgfmath@stack@operand=\toks23
\pgfmath@stack@operation=\toks24
)
(/usr/local/texlive/2016/texmf-dist/tex/generic/pgf/math/pgfmathfunctions.code.
tex
(/usr/local/texlive/2016/texmf-dist/tex/generic/pgf/math/pgfmathfunctions.basic
.code.tex)
(/usr/local/texlive/2016/texmf-dist/tex/generic/pgf/math/pgfmathfunctions.trigo
nometric.code.tex)
(/usr/local/texlive/2016/texmf-dist/tex/generic/pgf/math/pgfmathfunctions.rando
m.code.tex)
(/usr/local/texlive/2016/texmf-dist/tex/generic/pgf/math/pgfmathfunctions.compa
rison.code.tex)
(/usr/local/texlive/2016/texmf-dist/tex/generic/pgf/math/pgfmathfunctions.base.
code.tex)
(/usr/local/texlive/2016/texmf-dist/tex/generic/pgf/math/pgfmathfunctions.round
.code.tex)
(/usr/local/texlive/2016/texmf-dist/tex/generic/pgf/math/pgfmathfunctions.misc.
code.tex)
(/usr/local/texlive/2016/texmf-dist/tex/generic/pgf/math/pgfmathfunctions.integ
erarithmetics.code.tex)))
(/usr/local/texlive/2016/texmf-dist/tex/generic/pgf/math/pgfmathfloat.code.tex
\c@pgfmathroundto@lastzeros=\count110
))
\pgffor@iter=\dimen124
\pgffor@skip=\dimen125
\pgffor@stack=\toks25
\pgffor@toks=\toks26
)
\psLoopIndex=\count111

`PSTricks' v2.66  <2016/05/18> (tvz)
\pst@dima=\dimen126
\pst@dimb=\dimen127
\pst@dimc=\dimen128
\pst@dimd=\dimen129
\pst@dimg=\dimen130
\pst@dimh=\dimen131
\pst@dimm=\dimen132
\pst@dimn=\dimen133
\pst@dimo=\dimen134
\pst@dimp=\dimen135
\pst@hbox=\box27
\pst@ibox=\box28
\pst@boxg=\box29
\pst@cnta=\count112
\pst@cntb=\count113
\pst@cntc=\count114
\pst@cntd=\count115
\pst@cntg=\count116
\pst@cnth=\count117
\pst@cntm=\count118
\pst@cntn=\count119
\pst@cnto=\count120
\pst@cntp=\count121
\@zero=\count122
\pst@toks=\toks27
(/usr/local/texlive/2016/texmf-dist/tex/generic/pstricks/pstricks.con)
\psunit=\dimen136
\psxunit=\dimen137
\psyunit=\dimen138
\pst@C@@rType=\count123
\pslinewidth=\dimen139
\psk@startLW=\dimen140
\psk@endLW=\dimen141
\pst@customdefs=\toks28
\pslinearc=\dimen142
\pst@symbolStep=\dimen143
\pst@symbolWidth=\dimen144
\pst@symbolLinewidth=\dimen145
\everypsbox=\toks29
\psframesep=\dimen146
\pslabelsep=\dimen147
\sh@wgridXunit=\dimen148
\sh@wgridYunit=\dimen149
\pst@shift=\dimen150
)
File: pstricks.tex 2016/05/18 v2.66 `PSTricks' (tvz,hv)

(/usr/local/texlive/2016/texmf-dist/tex/generic/pstricks/pst-fp.tex)
File: pst-fp.tex 2016/05/18 v2.66 `PST-fp' (hv)
)
\ppf@output=\toks30

(/usr/local/texlive/2016/texmf-dist/tex/latex/preview/preview.sty
Package: preview 2010/02/14 11.89 (AUCTeX/preview-latex)
\pr@snippet=\count124
\pr@box=\box30
\pr@output=\toks31
)
(/usr/local/texlive/2016/texmf-dist/tex/latex/graphics/dvips.def
File: dvips.def 2015/12/30 v3.0k Driver-dependent file (DPC,SPQR)
)
(/usr/local/texlive/2016/texmf-dist/tex/latex/environ/environ.sty
Package: environ 2014/05/04 v0.3 A new way to define environments

(/usr/local/texlive/2016/texmf-dist/tex/latex/trimspaces/trimspaces.sty
Package: trimspaces 2009/09/17 v1.1 Trim spaces around a token list
)
\@envbody=\toks32
)))
(/usr/local/texlive/2016/texmf-dist/tex/latex/oberdiek/epstopdf.sty
Package: epstopdf 2016/05/15 v2.6 Conversion with epstopdf on the fly (HO)

(/usr/local/texlive/2016/texmf-dist/tex/latex/oberdiek/epstopdf-base.sty
Package: epstopdf-base 2016/05/15 v2.6 Base part for package epstopdf

(/usr/local/texlive/2016/texmf-dist/tex/latex/oberdiek/grfext.sty
Package: grfext 2016/05/16 v1.2 Manage graphics extensions (HO)

(/usr/local/texlive/2016/texmf-dist/tex/generic/oberdiek/kvdefinekeys.sty
Package: kvdefinekeys 2016/05/16 v1.4 Define keys (HO)
))
(/usr/local/texlive/2016/texmf-dist/tex/latex/oberdiek/kvoptions.sty
Package: kvoptions 2016/05/16 v3.12 Key value format for package options (HO)

(/usr/local/texlive/2016/texmf-dist/tex/generic/oberdiek/kvsetkeys.sty
Package: kvsetkeys 2016/05/16 v1.17 Key value parser (HO)
))
Package grfext Info: Graphics extension search list:
(grfext)             [.png,.pdf,.jpg,.mps,.jpeg,.jbig2,.jb2,.PNG,.PDF,.JPG,.JPE
G,.JBIG2,.JB2,.eps]
(grfext)             \AppendGraphicsExtensions on input line 456.

(/usr/local/texlive/2016/texmf-dist/tex/latex/latexconfig/epstopdf-sys.cfg
File: epstopdf-sys.cfg 2010/07/13 v1.3 Configuration of (r)epstopdf for TeX Liv
e
)))
(/usr/local/texlive/2016/texmf-dist/tex/latex/multirow/multirow.sty
\bigstrutjot=\dimen151
)
(/usr/local/texlive/2016/texmf-dist/tex/latex/graphics/epsfig.sty
Package: epsfig 1999/02/16 v1.7a (e)psfig emulation (SPQR)
\epsfxsize=\dimen152
\epsfysize=\dimen153
)
(/usr/local/texlive/2016/texmf-dist/tex/latex/float/float.sty
Package: float 2001/11/08 v1.3d Float enhancements (AL)
\c@float@type=\count125
\float@exts=\toks33
\float@box=\box31
\@float@everytoks=\toks34
\@floatcapt=\box32
)
(/usr/local/texlive/2016/texmf-dist/tex/latex/url/url.sty
\Urlmuskip=\muskip10
Package: url 2013/09/16  ver 3.4  Verb mode for urls, etc.
)
(/usr/local/texlive/2016/texmf-dist/tex/latex/subfigure/subfigure.sty
Package: subfigure 2002/03/15 v2.1.5 subfigure package
\subfigtopskip=\skip43
\subfigcapskip=\skip44
\subfigcaptopadj=\dimen154
\subfigbottomskip=\skip45
\subfigcapmargin=\dimen155
\subfiglabelskip=\skip46
\c@subfigure=\count126
\c@lofdepth=\count127
\c@subtable=\count128
\c@lotdepth=\count129

****************************************
* Local config file subfigure.cfg used *
****************************************
(/usr/local/texlive/2016/texmf-dist/tex/latex/subfigure/subfigure.cfg)
\subfig@top=\skip47
\subfig@bottom=\skip48
)
(./paper.aux

LaTeX Warning: Label `fig:inc1_et_hist_v5' multiply defined.


LaTeX Warning: Label `sub@fig:inc1_et_hist_v5' multiply defined.


LaTeX Warning: Label `fig:inc2_et_hist_v5' multiply defined.


LaTeX Warning: Label `sub@fig:inc2_et_hist_v5' multiply defined.


LaTeX Warning: Label `fig:inc4_et_hist_v5' multiply defined.


LaTeX Warning: Label `sub@fig:inc4_et_hist_v5' multiply defined.


LaTeX Warning: Label `fig:inc8_et_hist_v5' multiply defined.


LaTeX Warning: Label `sub@fig:inc8_et_hist_v5' multiply defined.


LaTeX Warning: Label `fig:inc16_et_hist_v5' multiply defined.


LaTeX Warning: Label `sub@fig:inc16_et_hist_v5' multiply defined.


LaTeX Warning: Label `fig:inc32_et_hist_v5' multiply defined.


LaTeX Warning: Label `sub@fig:inc32_et_hist_v5' multiply defined.


LaTeX Warning: Label `fig:inc64_et_hist_v5' multiply defined.


LaTeX Warning: Label `sub@fig:inc64_et_hist_v5' multiply defined.


LaTeX Warning: Label `fig:inc128_et_hist_v5' multiply defined.


LaTeX Warning: Label `sub@fig:inc128_et_hist_v5' multiply defined.


LaTeX Warning: Label `fig:inc1_hist_v5' multiply defined.


LaTeX Warning: Label `sub@fig:inc1_hist_v5' multiply defined.


LaTeX Warning: Label `fig:inc2_hist_v5' multiply defined.


LaTeX Warning: Label `sub@fig:inc2_hist_v5' multiply defined.


LaTeX Warning: Label `fig:inc4_hist_v5' multiply defined.


LaTeX Warning: Label `sub@fig:inc4_hist_v5' multiply defined.


LaTeX Warning: Label `fig:inc8_hist_v5' multiply defined.


LaTeX Warning: Label `sub@fig:inc8_hist_v5' multiply defined.


LaTeX Warning: Label `fig:inc16_hist_v5' multiply defined.


LaTeX Warning: Label `sub@fig:inc16_hist_v5' multiply defined.


LaTeX Warning: Label `fig:inc32_hist_v5' multiply defined.


LaTeX Warning: Label `sub@fig:inc32_hist_v5' multiply defined.


LaTeX Warning: Label `fig:inc64_hist_v5' multiply defined.


LaTeX Warning: Label `sub@fig:inc64_hist_v5' multiply defined.


LaTeX Warning: Label `fig:inc128_hist_v5' multiply defined.


LaTeX Warning: Label `sub@fig:inc128_hist_v5' multiply defined.


LaTeX Warning: Label `fig:inc1_et_hist_v5' multiply defined.


LaTeX Warning: Label `sub@fig:inc1_et_hist_v5' multiply defined.


LaTeX Warning: Label `fig:inc2_et_hist_v5' multiply defined.


LaTeX Warning: Label `sub@fig:inc2_et_hist_v5' multiply defined.


LaTeX Warning: Label `fig:inc4_et_hist_v5' multiply defined.


LaTeX Warning: Label `sub@fig:inc4_et_hist_v5' multiply defined.


LaTeX Warning: Label `fig:inc8_et_hist_v5' multiply defined.


LaTeX Warning: Label `sub@fig:inc8_et_hist_v5' multiply defined.


LaTeX Warning: Label `fig:inc16_et_hist_v5' multiply defined.


LaTeX Warning: Label `sub@fig:inc16_et_hist_v5' multiply defined.


LaTeX Warning: Label `fig:inc32_et_hist_v5' multiply defined.


LaTeX Warning: Label `sub@fig:inc32_et_hist_v5' multiply defined.


LaTeX Warning: Label `fig:inc64_et_hist_v5' multiply defined.


LaTeX Warning: Label `sub@fig:inc64_et_hist_v5' multiply defined.


LaTeX Warning: Label `fig:inc128_et_hist_v5' multiply defined.


LaTeX Warning: Label `sub@fig:inc128_et_hist_v5' multiply defined.


LaTeX Warning: Label `fig:inc1_hist_v5' multiply defined.


LaTeX Warning: Label `sub@fig:inc1_hist_v5' multiply defined.


LaTeX Warning: Label `fig:inc2_hist_v5' multiply defined.


LaTeX Warning: Label `sub@fig:inc2_hist_v5' multiply defined.


LaTeX Warning: Label `fig:inc4_hist_v5' multiply defined.


LaTeX Warning: Label `sub@fig:inc4_hist_v5' multiply defined.


LaTeX Warning: Label `fig:inc8_hist_v5' multiply defined.


LaTeX Warning: Label `sub@fig:inc8_hist_v5' multiply defined.


LaTeX Warning: Label `fig:inc16_hist_v5' multiply defined.


LaTeX Warning: Label `sub@fig:inc16_hist_v5' multiply defined.


LaTeX Warning: Label `fig:inc32_hist_v5' multiply defined.


LaTeX Warning: Label `sub@fig:inc32_hist_v5' multiply defined.


LaTeX Warning: Label `fig:inc64_hist_v5' multiply defined.


LaTeX Warning: Label `sub@fig:inc64_hist_v5' multiply defined.


LaTeX Warning: Label `fig:inc128_hist_v5' multiply defined.


LaTeX Warning: Label `sub@fig:inc128_hist_v5' multiply defined.


LaTeX Warning: Label `fig:inc1_et_hist_v5' multiply defined.


LaTeX Warning: Label `sub@fig:inc1_et_hist_v5' multiply defined.


LaTeX Warning: Label `fig:inc2_et_hist_v5' multiply defined.


LaTeX Warning: Label `sub@fig:inc2_et_hist_v5' multiply defined.


LaTeX Warning: Label `fig:inc4_et_hist_v5' multiply defined.


LaTeX Warning: Label `sub@fig:inc4_et_hist_v5' multiply defined.


LaTeX Warning: Label `fig:inc8_et_hist_v5' multiply defined.


LaTeX Warning: Label `sub@fig:inc8_et_hist_v5' multiply defined.


LaTeX Warning: Label `fig:inc16_et_hist_v5' multiply defined.


LaTeX Warning: Label `sub@fig:inc16_et_hist_v5' multiply defined.


LaTeX Warning: Label `fig:inc32_et_hist_v5' multiply defined.


LaTeX Warning: Label `sub@fig:inc32_et_hist_v5' multiply defined.


LaTeX Warning: Label `fig:inc64_et_hist_v5' multiply defined.


LaTeX Warning: Label `sub@fig:inc64_et_hist_v5' multiply defined.


LaTeX Warning: Label `fig:inc128_et_hist_v5' multiply defined.


LaTeX Warning: Label `sub@fig:inc128_et_hist_v5' multiply defined.


LaTeX Warning: Label `fig:inc1_hist_v5' multiply defined.


LaTeX Warning: Label `sub@fig:inc1_hist_v5' multiply defined.


LaTeX Warning: Label `fig:inc2_hist_v5' multiply defined.


LaTeX Warning: Label `sub@fig:inc2_hist_v5' multiply defined.


LaTeX Warning: Label `fig:inc4_hist_v5' multiply defined.


LaTeX Warning: Label `sub@fig:inc4_hist_v5' multiply defined.


LaTeX Warning: Label `fig:inc8_hist_v5' multiply defined.


LaTeX Warning: Label `sub@fig:inc8_hist_v5' multiply defined.


LaTeX Warning: Label `fig:inc16_hist_v5' multiply defined.


LaTeX Warning: Label `sub@fig:inc16_hist_v5' multiply defined.


LaTeX Warning: Label `fig:inc32_hist_v5' multiply defined.


LaTeX Warning: Label `sub@fig:inc32_hist_v5' multiply defined.


LaTeX Warning: Label `fig:inc64_hist_v5' multiply defined.


LaTeX Warning: Label `sub@fig:inc64_hist_v5' multiply defined.


LaTeX Warning: Label `fig:inc128_hist_v5' multiply defined.


LaTeX Warning: Label `sub@fig:inc128_hist_v5' multiply defined.

)
\openout1 = `paper.aux'.

LaTeX Font Info:    Checking defaults for OML/cmm/m/it on input line 23.
LaTeX Font Info:    ... okay on input line 23.
LaTeX Font Info:    Checking defaults for T1/cmr/m/n on input line 23.
LaTeX Font Info:    ... okay on input line 23.
LaTeX Font Info:    Checking defaults for OT1/cmr/m/n on input line 23.
LaTeX Font Info:    ... okay on input line 23.
LaTeX Font Info:    Checking defaults for OMS/cmsy/m/n on input line 23.
LaTeX Font Info:    ... okay on input line 23.
LaTeX Font Info:    Checking defaults for OMX/cmex/m/n on input line 23.
LaTeX Font Info:    ... okay on input line 23.
LaTeX Font Info:    Checking defaults for U/cmr/m/n on input line 23.
LaTeX Font Info:    ... okay on input line 23.

*geometry* driver: auto-detecting
*geometry* detected driver: pdftex
*geometry* verbose mode - [ preamble ] result:
* driver: pdftex
* paper: <default>
* layout: <same size as paper>
* layoutoffset:(h,v)=(0.0pt,0.0pt)
* modes: 
* h-part:(L,W,R)=(72.26999pt, 469.75502pt, 72.26999pt)
* v-part:(T,H,B)=(72.26999pt, 650.43001pt, 72.26999pt)
* \paperwidth=614.295pt
* \paperheight=794.96999pt
* \textwidth=469.75502pt
* \textheight=650.43001pt
* \oddsidemargin=0.0pt
* \evensidemargin=0.0pt
* \topmargin=-37.0pt
* \headheight=12.0pt
* \headsep=25.0pt
* \topskip=10.0pt
* \footskip=30.0pt
* \marginparwidth=65.0pt
* \marginparsep=11.0pt
* \columnsep=10.0pt
* \skip\footins=9.0pt plus 4.0pt minus 2.0pt
* \hoffset=0.0pt
* \voffset=0.0pt
* \mag=1000
* \@twocolumnfalse
* \@twosidefalse
* \@mparswitchfalse
* \@reversemarginfalse
* (1in=72.27pt=25.4mm, 1cm=28.453pt)

(/usr/local/texlive/2016/texmf-dist/tex/context/base/mkii/supp-pdf.mkii
[Loading MPS to PDF converter (version 2006.09.02).]
\scratchcounter=\count130
\scratchdimen=\dimen156
\scratchbox=\box33
\nofMPsegments=\count131
\nofMParguments=\count132
\everyMPshowfont=\toks35
\MPscratchCnt=\count133
\MPscratchDim=\dimen157
\MPnumerator=\count134
\makeMPintoPDFobject=\count135
\everyMPtoPDFconversion=\toks36
)
Preview: Fontsize 10pt
Preview: PDFoutput 1
LaTeX Font Info:    External font `cmex10' loaded for size
(Font)              <12> on input line 29.
LaTeX Font Info:    External font `cmex10' loaded for size
(Font)              <8> on input line 29.
LaTeX Font Info:    External font `cmex10' loaded for size
(Font)              <6> on input line 29.
LaTeX Font Info:    External font `cmex10' loaded for size
(Font)              <7> on input line 35.
LaTeX Font Info:    External font `cmex10' loaded for size
(Font)              <5> on input line 35.

Overfull \hbox (5.03629pt too wide) in paragraph at lines 35--42
 [] 
 []

(./sodb8/res.tex [1


Non-PDF special ignored!
Non-PDF special ignored!
Non-PDF special ignored!{/usr/local/texlive/2016/texmf-var/fonts/map/pdftex/upd
map/pdftex.map}]
Package epstopdf Info: Source file: <sodb8/1_sec_et_hist_v5.eps>
(epstopdf)                    date: 2017-02-13 11:29:28
(epstopdf)                    size: 4984 bytes
(epstopdf)             Output file: <sodb8/1_sec_et_hist_v5-eps-converted-to.pd
f>
(epstopdf)                    date: 2017-02-13 15:49:48
(epstopdf)                    size: 11539 bytes
(epstopdf)             Command: <epstopdf --outfile=sodb8/1_sec_et_hist_v5-eps-
converted-to.pdf sodb8/1_sec_et_hist_v5.eps>
(epstopdf)             \includegraphics on input line 14.
Package epstopdf Info: Output file is already uptodate.

<sodb8/1_sec_et_hist_v5-eps-converted-to.pdf, id=13, 505.89pt x 505.89pt>
File: sodb8/1_sec_et_hist_v5-eps-converted-to.pdf Graphic file (type pdf)

<use sodb8/1_sec_et_hist_v5-eps-converted-to.pdf>
Package pdftex.def Info: sodb8/1_sec_et_hist_v5-eps-converted-to.pdf used on in
put line 14.
(pdftex.def)             Requested size: 217.52844pt x 217.52844pt.
Package epstopdf Info: Source file: <sodb8/2_sec_et_hist_v5.eps>
(epstopdf)                    date: 2017-02-13 11:29:43
(epstopdf)                    size: 5128 bytes
(epstopdf)             Output file: <sodb8/2_sec_et_hist_v5-eps-converted-to.pd
f>
(epstopdf)                    date: 2017-02-13 15:49:48
(epstopdf)                    size: 11856 bytes
(epstopdf)             Command: <epstopdf --outfile=sodb8/2_sec_et_hist_v5-eps-
converted-to.pdf sodb8/2_sec_et_hist_v5.eps>
(epstopdf)             \includegraphics on input line 18.
Package epstopdf Info: Output file is already uptodate.

<sodb8/2_sec_et_hist_v5-eps-converted-to.pdf, id=14, 505.89pt x 505.89pt>
File: sodb8/2_sec_et_hist_v5-eps-converted-to.pdf Graphic file (type pdf)

<use sodb8/2_sec_et_hist_v5-eps-converted-to.pdf>
Package pdftex.def Info: sodb8/2_sec_et_hist_v5-eps-converted-to.pdf used on in
put line 18.
(pdftex.def)             Requested size: 217.52844pt x 217.52844pt.
Package epstopdf Info: Source file: <sodb8/4_sec_et_hist_v5.eps>
(epstopdf)                    date: 2017-02-13 11:45:26
(epstopdf)                    size: 4626 bytes
(epstopdf)             Output file: <sodb8/4_sec_et_hist_v5-eps-converted-to.pd
f>
(epstopdf)                    date: 2017-02-13 15:49:48
(epstopdf)                    size: 11605 bytes
(epstopdf)             Command: <epstopdf --outfile=sodb8/4_sec_et_hist_v5-eps-
converted-to.pdf sodb8/4_sec_et_hist_v5.eps>
(epstopdf)             \includegraphics on input line 22.
Package epstopdf Info: Output file is already uptodate.

<sodb8/4_sec_et_hist_v5-eps-converted-to.pdf, id=15, 505.89pt x 505.89pt>
File: sodb8/4_sec_et_hist_v5-eps-converted-to.pdf Graphic file (type pdf)

<use sodb8/4_sec_et_hist_v5-eps-converted-to.pdf>
Package pdftex.def Info: sodb8/4_sec_et_hist_v5-eps-converted-to.pdf used on in
put line 22.
(pdftex.def)             Requested size: 217.52844pt x 217.52844pt.
Package epstopdf Info: Source file: <sodb8/8_sec_et_hist_v5.eps>
(epstopdf)                    date: 2017-02-13 11:47:32
(epstopdf)                    size: 4627 bytes
(epstopdf)             Output file: <sodb8/8_sec_et_hist_v5-eps-converted-to.pd
f>
(epstopdf)                    date: 2017-02-13 15:49:48
(epstopdf)                    size: 11632 bytes
(epstopdf)             Command: <epstopdf --outfile=sodb8/8_sec_et_hist_v5-eps-
converted-to.pdf sodb8/8_sec_et_hist_v5.eps>
(epstopdf)             \includegraphics on input line 26.
Package epstopdf Info: Output file is already uptodate.

<sodb8/8_sec_et_hist_v5-eps-converted-to.pdf, id=16, 505.89pt x 505.89pt>
File: sodb8/8_sec_et_hist_v5-eps-converted-to.pdf Graphic file (type pdf)

<use sodb8/8_sec_et_hist_v5-eps-converted-to.pdf>
Package pdftex.def Info: sodb8/8_sec_et_hist_v5-eps-converted-to.pdf used on in
put line 26.
(pdftex.def)             Requested size: 217.52844pt x 217.52844pt.
Package epstopdf Info: Source file: <sodb8/16_sec_et_hist_v5.eps>
(epstopdf)                    date: 2017-02-13 11:47:52
(epstopdf)                    size: 4984 bytes
(epstopdf)             Output file: <sodb8/16_sec_et_hist_v5-eps-converted-to.p
df>
(epstopdf)                    date: 2017-02-13 15:49:49
(epstopdf)                    size: 11754 bytes
(epstopdf)             Command: <epstopdf --outfile=sodb8/16_sec_et_hist_v5-eps
-converted-to.pdf sodb8/16_sec_et_hist_v5.eps>
(epstopdf)             \includegraphics on input line 35.
Package epstopdf Info: Output file is already uptodate.

<sodb8/16_sec_et_hist_v5-eps-converted-to.pdf, id=17, 505.89pt x 505.89pt>
File: sodb8/16_sec_et_hist_v5-eps-converted-to.pdf Graphic file (type pdf)

<use sodb8/16_sec_et_hist_v5-eps-converted-to.pdf>
Package pdftex.def Info: sodb8/16_sec_et_hist_v5-eps-converted-to.pdf used on i
nput line 35.
(pdftex.def)             Requested size: 217.52844pt x 217.52844pt.
Package epstopdf Info: Source file: <sodb8/32_sec_et_hist_v5.eps>
(epstopdf)                    date: 2017-02-13 11:48:59
(epstopdf)                    size: 5133 bytes
(epstopdf)             Output file: <sodb8/32_sec_et_hist_v5-eps-converted-to.p
df>
(epstopdf)                    date: 2017-02-13 15:49:49
(epstopdf)                    size: 12130 bytes
(epstopdf)             Command: <epstopdf --outfile=sodb8/32_sec_et_hist_v5-eps
-converted-to.pdf sodb8/32_sec_et_hist_v5.eps>
(epstopdf)             \includegraphics on input line 39.
Package epstopdf Info: Output file is already uptodate.

<sodb8/32_sec_et_hist_v5-eps-converted-to.pdf, id=18, 505.89pt x 505.89pt>
File: sodb8/32_sec_et_hist_v5-eps-converted-to.pdf Graphic file (type pdf)

<use sodb8/32_sec_et_hist_v5-eps-converted-to.pdf>
Package pdftex.def Info: sodb8/32_sec_et_hist_v5-eps-converted-to.pdf used on i
nput line 39.
(pdftex.def)             Requested size: 217.52844pt x 217.52844pt.
Package epstopdf Info: Source file: <sodb8/64_sec_et_hist_v5.eps>
(epstopdf)                    date: 2017-02-13 11:49:45
(epstopdf)                    size: 4850 bytes
(epstopdf)             Output file: <sodb8/64_sec_et_hist_v5-eps-converted-to.p
df>
(epstopdf)                    date: 2017-02-13 15:49:49
(epstopdf)                    size: 11756 bytes
(epstopdf)             Command: <epstopdf --outfile=sodb8/64_sec_et_hist_v5-eps
-converted-to.pdf sodb8/64_sec_et_hist_v5.eps>
(epstopdf)             \includegraphics on input line 43.
Package epstopdf Info: Output file is already uptodate.

<sodb8/64_sec_et_hist_v5-eps-converted-to.pdf, id=19, 505.89pt x 505.89pt>
File: sodb8/64_sec_et_hist_v5-eps-converted-to.pdf Graphic file (type pdf)

<use sodb8/64_sec_et_hist_v5-eps-converted-to.pdf>
Package pdftex.def Info: sodb8/64_sec_et_hist_v5-eps-converted-to.pdf used on i
nput line 43.
(pdftex.def)             Requested size: 217.52844pt x 217.52844pt.
Package epstopdf Info: Source file: <sodb8/128_sec_et_hist_v5.eps>
(epstopdf)                    date: 2017-02-13 11:51:21
(epstopdf)                    size: 5478 bytes
(epstopdf)             Output file: <sodb8/128_sec_et_hist_v5-eps-converted-to.
pdf>
(epstopdf)                    date: 2017-02-13 15:49:49
(epstopdf)                    size: 12262 bytes
(epstopdf)             Command: <epstopdf --outfile=sodb8/128_sec_et_hist_v5-ep
s-converted-to.pdf sodb8/128_sec_et_hist_v5.eps>
(epstopdf)             \includegraphics on input line 47.
Package epstopdf Info: Output file is already uptodate.

<sodb8/128_sec_et_hist_v5-eps-converted-to.pdf, id=20, 505.89pt x 505.89pt>
File: sodb8/128_sec_et_hist_v5-eps-converted-to.pdf Graphic file (type pdf)

<use sodb8/128_sec_et_hist_v5-eps-converted-to.pdf>
Package pdftex.def Info: sodb8/128_sec_et_hist_v5-eps-converted-to.pdf used on 
input line 47.
(pdftex.def)             Requested size: 217.52844pt x 217.52844pt.
 [2 <./sodb8/1_sec_et_hist_v5-eps-converted-to.pdf> <./sodb8/2_sec_et_hist_v5-e
ps-converted-to.pdf> <./sodb8/4_sec_et_hist_v5-eps-converted-to.pdf> <./sodb8/8
_sec_et_hist_v5-eps-converted-to.pdf>] [3 <./sodb8/16_sec_et_hist_v5-eps-conver
ted-to.pdf> <./sodb8/32_sec_et_hist_v5-eps-converted-to.pdf> <./sodb8/64_sec_et
_hist_v5-eps-converted-to.pdf> <./sodb8/128_sec_et_hist_v5-eps-converted-to.pdf
>]
Package epstopdf Info: Source file: <sodb8/1_sec_pt_hist_v5.eps>
(epstopdf)                    date: 2017-02-13 11:33:09
(epstopdf)                    size: 4840 bytes
(epstopdf)             Output file: <sodb8/1_sec_pt_hist_v5-eps-converted-to.pd
f>
(epstopdf)                    date: 2017-02-13 15:49:50
(epstopdf)                    size: 11384 bytes
(epstopdf)             Command: <epstopdf --outfile=sodb8/1_sec_pt_hist_v5-eps-
converted-to.pdf sodb8/1_sec_pt_hist_v5.eps>
(epstopdf)             \includegraphics on input line 60.
Package epstopdf Info: Output file is already uptodate.

<sodb8/1_sec_pt_hist_v5-eps-converted-to.pdf, id=109, 505.89pt x 505.89pt>
File: sodb8/1_sec_pt_hist_v5-eps-converted-to.pdf Graphic file (type pdf)

<use sodb8/1_sec_pt_hist_v5-eps-converted-to.pdf>
Package pdftex.def Info: sodb8/1_sec_pt_hist_v5-eps-converted-to.pdf used on in
put line 60.
(pdftex.def)             Requested size: 217.52844pt x 217.52844pt.
Package epstopdf Info: Source file: <sodb8/2_sec_pt_hist_v5.eps>
(epstopdf)                    date: 2017-02-13 11:33:49
(epstopdf)                    size: 5042 bytes
(epstopdf)             Output file: <sodb8/2_sec_pt_hist_v5-eps-converted-to.pd
f>
(epstopdf)                    date: 2017-02-13 15:49:50
(epstopdf)                    size: 11736 bytes
(epstopdf)             Command: <epstopdf --outfile=sodb8/2_sec_pt_hist_v5-eps-
converted-to.pdf sodb8/2_sec_pt_hist_v5.eps>
(epstopdf)             \includegraphics on input line 64.
Package epstopdf Info: Output file is already uptodate.

<sodb8/2_sec_pt_hist_v5-eps-converted-to.pdf, id=110, 505.89pt x 505.89pt>
File: sodb8/2_sec_pt_hist_v5-eps-converted-to.pdf Graphic file (type pdf)

<use sodb8/2_sec_pt_hist_v5-eps-converted-to.pdf>
Package pdftex.def Info: sodb8/2_sec_pt_hist_v5-eps-converted-to.pdf used on in
put line 64.
(pdftex.def)             Requested size: 217.52844pt x 217.52844pt.
Package epstopdf Info: Source file: <sodb8/4_sec_pt_hist_v5.eps>
(epstopdf)                    date: 2017-02-13 11:52:59
(epstopdf)                    size: 4397 bytes
(epstopdf)             Output file: <sodb8/4_sec_pt_hist_v5-eps-converted-to.pd
f>
(epstopdf)                    date: 2017-02-13 15:49:50
(epstopdf)                    size: 11457 bytes
(epstopdf)             Command: <epstopdf --outfile=sodb8/4_sec_pt_hist_v5-eps-
converted-to.pdf sodb8/4_sec_pt_hist_v5.eps>
(epstopdf)             \includegraphics on input line 68.
Package epstopdf Info: Output file is already uptodate.

<sodb8/4_sec_pt_hist_v5-eps-converted-to.pdf, id=111, 505.89pt x 505.89pt>
File: sodb8/4_sec_pt_hist_v5-eps-converted-to.pdf Graphic file (type pdf)

<use sodb8/4_sec_pt_hist_v5-eps-converted-to.pdf>
Package pdftex.def Info: sodb8/4_sec_pt_hist_v5-eps-converted-to.pdf used on in
put line 68.
(pdftex.def)             Requested size: 217.52844pt x 217.52844pt.
Package epstopdf Info: Source file: <sodb8/8_sec_pt_hist_v5.eps>
(epstopdf)                    date: 2017-02-13 11:52:59
(epstopdf)                    size: 4602 bytes
(epstopdf)             Output file: <sodb8/8_sec_pt_hist_v5-eps-converted-to.pd
f>
(epstopdf)                    date: 2017-02-13 15:49:50
(epstopdf)                    size: 11580 bytes
(epstopdf)             Command: <epstopdf --outfile=sodb8/8_sec_pt_hist_v5-eps-
converted-to.pdf sodb8/8_sec_pt_hist_v5.eps>
(epstopdf)             \includegraphics on input line 72.
Package epstopdf Info: Output file is already uptodate.

<sodb8/8_sec_pt_hist_v5-eps-converted-to.pdf, id=112, 505.89pt x 505.89pt>
File: sodb8/8_sec_pt_hist_v5-eps-converted-to.pdf Graphic file (type pdf)

<use sodb8/8_sec_pt_hist_v5-eps-converted-to.pdf>
Package pdftex.def Info: sodb8/8_sec_pt_hist_v5-eps-converted-to.pdf used on in
put line 72.
(pdftex.def)             Requested size: 217.52844pt x 217.52844pt.
Package epstopdf Info: Source file: <sodb8/16_sec_pt_hist_v5.eps>
(epstopdf)                    date: 2017-02-13 11:52:59
(epstopdf)                    size: 4814 bytes
(epstopdf)             Output file: <sodb8/16_sec_pt_hist_v5-eps-converted-to.p
df>
(epstopdf)                    date: 2017-02-13 15:49:51
(epstopdf)                    size: 11726 bytes
(epstopdf)             Command: <epstopdf --outfile=sodb8/16_sec_pt_hist_v5-eps
-converted-to.pdf sodb8/16_sec_pt_hist_v5.eps>
(epstopdf)             \includegraphics on input line 81.
Package epstopdf Info: Output file is already uptodate.

<sodb8/16_sec_pt_hist_v5-eps-converted-to.pdf, id=113, 505.89pt x 505.89pt>
File: sodb8/16_sec_pt_hist_v5-eps-converted-to.pdf Graphic file (type pdf)

<use sodb8/16_sec_pt_hist_v5-eps-converted-to.pdf>
Package pdftex.def Info: sodb8/16_sec_pt_hist_v5-eps-converted-to.pdf used on i
nput line 81.
(pdftex.def)             Requested size: 217.52844pt x 217.52844pt.
Package epstopdf Info: Source file: <sodb8/32_sec_pt_hist_v5.eps>
(epstopdf)                    date: 2017-02-13 11:53:51
(epstopdf)                    size: 5332 bytes
(epstopdf)             Output file: <sodb8/32_sec_pt_hist_v5-eps-converted-to.p
df>
(epstopdf)                    date: 2017-02-13 15:49:51
(epstopdf)                    size: 12234 bytes
(epstopdf)             Command: <epstopdf --outfile=sodb8/32_sec_pt_hist_v5-eps
-converted-to.pdf sodb8/32_sec_pt_hist_v5.eps>
(epstopdf)             \includegraphics on input line 85.
Package epstopdf Info: Output file is already uptodate.

<sodb8/32_sec_pt_hist_v5-eps-converted-to.pdf, id=114, 505.89pt x 505.89pt>
File: sodb8/32_sec_pt_hist_v5-eps-converted-to.pdf Graphic file (type pdf)

<use sodb8/32_sec_pt_hist_v5-eps-converted-to.pdf>
Package pdftex.def Info: sodb8/32_sec_pt_hist_v5-eps-converted-to.pdf used on i
nput line 85.
(pdftex.def)             Requested size: 217.52844pt x 217.52844pt.
Package epstopdf Info: Source file: <sodb8/64_sec_pt_hist_v5.eps>
(epstopdf)                    date: 2017-02-13 11:53:51
(epstopdf)                    size: 4885 bytes
(epstopdf)             Output file: <sodb8/64_sec_pt_hist_v5-eps-converted-to.p
df>
(epstopdf)                    date: 2017-02-13 15:49:51
(epstopdf)                    size: 11965 bytes
(epstopdf)             Command: <epstopdf --outfile=sodb8/64_sec_pt_hist_v5-eps
-converted-to.pdf sodb8/64_sec_pt_hist_v5.eps>
(epstopdf)             \includegraphics on input line 89.
Package epstopdf Info: Output file is already uptodate.

<sodb8/64_sec_pt_hist_v5-eps-converted-to.pdf, id=115, 505.89pt x 505.89pt>
File: sodb8/64_sec_pt_hist_v5-eps-converted-to.pdf Graphic file (type pdf)

<use sodb8/64_sec_pt_hist_v5-eps-converted-to.pdf>
Package pdftex.def Info: sodb8/64_sec_pt_hist_v5-eps-converted-to.pdf used on i
nput line 89.
(pdftex.def)             Requested size: 217.52844pt x 217.52844pt.
Package epstopdf Info: Source file: <sodb8/128_sec_pt_hist_v5.eps>
(epstopdf)                    date: 2017-02-13 11:53:51
(epstopdf)                    size: 5509 bytes
(epstopdf)             Output file: <sodb8/128_sec_pt_hist_v5-eps-converted-to.
pdf>
(epstopdf)                    date: 2017-02-13 15:49:51
(epstopdf)                    size: 12301 bytes
(epstopdf)             Command: <epstopdf --outfile=sodb8/128_sec_pt_hist_v5-ep
s-converted-to.pdf sodb8/128_sec_pt_hist_v5.eps>
(epstopdf)             \includegraphics on input line 93.
Package epstopdf Info: Output file is already uptodate.

<sodb8/128_sec_pt_hist_v5-eps-converted-to.pdf, id=116, 505.89pt x 505.89pt>
File: sodb8/128_sec_pt_hist_v5-eps-converted-to.pdf Graphic file (type pdf)

<use sodb8/128_sec_pt_hist_v5-eps-converted-to.pdf>
Package pdftex.def Info: sodb8/128_sec_pt_hist_v5-eps-converted-to.pdf used on 
input line 93.
(pdftex.def)             Requested size: 217.52844pt x 217.52844pt.
) (./sodb9/res.tex [4 <./sodb8/1_sec_pt_hist_v5-eps-converted-to.pdf> <./sodb8/
2_sec_pt_hist_v5-eps-converted-to.pdf> <./sodb8/4_sec_pt_hist_v5-eps-converted-
to.pdf> <./sodb8/8_sec_pt_hist_v5-eps-converted-to.pdf>] [5 <./sodb8/16_sec_pt_
hist_v5-eps-converted-to.pdf> <./sodb8/32_sec_pt_hist_v5-eps-converted-to.pdf> 
<./sodb8/64_sec_pt_hist_v5-eps-converted-to.pdf> <./sodb8/128_sec_pt_hist_v5-ep
s-converted-to.pdf>]
Package epstopdf Info: Source file: <sodb9/1_sec_et_hist_v5.eps>
(epstopdf)                    date: 2017-02-13 14:18:00
(epstopdf)                    size: 4985 bytes
(epstopdf)             Output file: <sodb9/1_sec_et_hist_v5-eps-converted-to.pd
f>
(epstopdf)                    date: 2017-02-13 15:49:52
(epstopdf)                    size: 11539 bytes
(epstopdf)             Command: <epstopdf --outfile=sodb9/1_sec_et_hist_v5-eps-
converted-to.pdf sodb9/1_sec_et_hist_v5.eps>
(epstopdf)             \includegraphics on input line 14.
Package epstopdf Info: Output file is already uptodate.

<sodb9/1_sec_et_hist_v5-eps-converted-to.pdf, id=204, 505.89pt x 505.89pt>
File: sodb9/1_sec_et_hist_v5-eps-converted-to.pdf Graphic file (type pdf)

<use sodb9/1_sec_et_hist_v5-eps-converted-to.pdf>
Package pdftex.def Info: sodb9/1_sec_et_hist_v5-eps-converted-to.pdf used on in
put line 14.
(pdftex.def)             Requested size: 217.52844pt x 217.52844pt.
Package epstopdf Info: Source file: <sodb9/2_sec_et_hist_v5.eps>
(epstopdf)                    date: 2017-02-13 14:18:00
(epstopdf)                    size: 4985 bytes
(epstopdf)             Output file: <sodb9/2_sec_et_hist_v5-eps-converted-to.pd
f>
(epstopdf)                    date: 2017-02-13 15:49:52
(epstopdf)                    size: 11751 bytes
(epstopdf)             Command: <epstopdf --outfile=sodb9/2_sec_et_hist_v5-eps-
converted-to.pdf sodb9/2_sec_et_hist_v5.eps>
(epstopdf)             \includegraphics on input line 18.
Package epstopdf Info: Output file is already uptodate.

<sodb9/2_sec_et_hist_v5-eps-converted-to.pdf, id=205, 505.89pt x 505.89pt>
File: sodb9/2_sec_et_hist_v5-eps-converted-to.pdf Graphic file (type pdf)

<use sodb9/2_sec_et_hist_v5-eps-converted-to.pdf>
Package pdftex.def Info: sodb9/2_sec_et_hist_v5-eps-converted-to.pdf used on in
put line 18.
(pdftex.def)             Requested size: 217.52844pt x 217.52844pt.
Package epstopdf Info: Source file: <sodb9/4_sec_et_hist_v5.eps>
(epstopdf)                    date: 2017-02-13 14:18:00
(epstopdf)                    size: 4627 bytes
(epstopdf)             Output file: <sodb9/4_sec_et_hist_v5-eps-converted-to.pd
f>
(epstopdf)                    date: 2017-02-13 15:49:52
(epstopdf)                    size: 11395 bytes
(epstopdf)             Command: <epstopdf --outfile=sodb9/4_sec_et_hist_v5-eps-
converted-to.pdf sodb9/4_sec_et_hist_v5.eps>
(epstopdf)             \includegraphics on input line 22.
Package epstopdf Info: Output file is already uptodate.

<sodb9/4_sec_et_hist_v5-eps-converted-to.pdf, id=206, 505.89pt x 505.89pt>
File: sodb9/4_sec_et_hist_v5-eps-converted-to.pdf Graphic file (type pdf)

<use sodb9/4_sec_et_hist_v5-eps-converted-to.pdf>
Package pdftex.def Info: sodb9/4_sec_et_hist_v5-eps-converted-to.pdf used on in
put line 22.
(pdftex.def)             Requested size: 217.52844pt x 217.52844pt.
Package epstopdf Info: Source file: <sodb9/8_sec_et_hist_v5.eps>
(epstopdf)                    date: 2017-02-13 14:18:00
(epstopdf)                    size: 4345 bytes
(epstopdf)             Output file: <sodb9/8_sec_et_hist_v5-eps-converted-to.pd
f>
(epstopdf)                    date: 2017-02-13 15:49:52
(epstopdf)                    size: 11525 bytes
(epstopdf)             Command: <epstopdf --outfile=sodb9/8_sec_et_hist_v5-eps-
converted-to.pdf sodb9/8_sec_et_hist_v5.eps>
(epstopdf)             \includegraphics on input line 26.
Package epstopdf Info: Output file is already uptodate.

<sodb9/8_sec_et_hist_v5-eps-converted-to.pdf, id=207, 505.89pt x 505.89pt>
File: sodb9/8_sec_et_hist_v5-eps-converted-to.pdf Graphic file (type pdf)

<use sodb9/8_sec_et_hist_v5-eps-converted-to.pdf>
Package pdftex.def Info: sodb9/8_sec_et_hist_v5-eps-converted-to.pdf used on in
put line 26.
(pdftex.def)             Requested size: 217.52844pt x 217.52844pt.
Package epstopdf Info: Source file: <sodb9/16_sec_et_hist_v5.eps>
(epstopdf)                    date: 2017-02-13 14:18:01
(epstopdf)                    size: 4520 bytes
(epstopdf)             Output file: <sodb9/16_sec_et_hist_v5-eps-converted-to.p
df>
(epstopdf)                    date: 2017-02-13 15:49:53
(epstopdf)                    size: 11755 bytes
(epstopdf)             Command: <epstopdf --outfile=sodb9/16_sec_et_hist_v5-eps
-converted-to.pdf sodb9/16_sec_et_hist_v5.eps>
(epstopdf)             \includegraphics on input line 35.
Package epstopdf Info: Output file is already uptodate.

<sodb9/16_sec_et_hist_v5-eps-converted-to.pdf, id=208, 505.89pt x 505.89pt>
File: sodb9/16_sec_et_hist_v5-eps-converted-to.pdf Graphic file (type pdf)

<use sodb9/16_sec_et_hist_v5-eps-converted-to.pdf>
Package pdftex.def Info: sodb9/16_sec_et_hist_v5-eps-converted-to.pdf used on i
nput line 35.
(pdftex.def)             Requested size: 217.52844pt x 217.52844pt.
Package epstopdf Info: Source file: <sodb9/32_sec_et_hist_v5.eps>
(epstopdf)                    date: 2017-02-13 14:18:01
(epstopdf)                    size: 4579 bytes
(epstopdf)             Output file: <sodb9/32_sec_et_hist_v5-eps-converted-to.p
df>
(epstopdf)                    date: 2017-02-13 15:49:53
(epstopdf)                    size: 11983 bytes
(epstopdf)             Command: <epstopdf --outfile=sodb9/32_sec_et_hist_v5-eps
-converted-to.pdf sodb9/32_sec_et_hist_v5.eps>
(epstopdf)             \includegraphics on input line 39.
Package epstopdf Info: Output file is already uptodate.

<sodb9/32_sec_et_hist_v5-eps-converted-to.pdf, id=209, 505.89pt x 505.89pt>
File: sodb9/32_sec_et_hist_v5-eps-converted-to.pdf Graphic file (type pdf)

<use sodb9/32_sec_et_hist_v5-eps-converted-to.pdf>
Package pdftex.def Info: sodb9/32_sec_et_hist_v5-eps-converted-to.pdf used on i
nput line 39.
(pdftex.def)             Requested size: 217.52844pt x 217.52844pt.
Package epstopdf Info: Source file: <sodb9/64_sec_et_hist_v5.eps>
(epstopdf)                    date: 2017-02-13 14:18:01
(epstopdf)                    size: 4548 bytes
(epstopdf)             Output file: <sodb9/64_sec_et_hist_v5-eps-converted-to.p
df>
(epstopdf)                    date: 2017-02-13 15:49:53
(epstopdf)                    size: 11759 bytes
(epstopdf)             Command: <epstopdf --outfile=sodb9/64_sec_et_hist_v5-eps
-converted-to.pdf sodb9/64_sec_et_hist_v5.eps>
(epstopdf)             \includegraphics on input line 43.
Package epstopdf Info: Output file is already uptodate.

<sodb9/64_sec_et_hist_v5-eps-converted-to.pdf, id=210, 505.89pt x 505.89pt>
File: sodb9/64_sec_et_hist_v5-eps-converted-to.pdf Graphic file (type pdf)

<use sodb9/64_sec_et_hist_v5-eps-converted-to.pdf>
Package pdftex.def Info: sodb9/64_sec_et_hist_v5-eps-converted-to.pdf used on i
nput line 43.
(pdftex.def)             Requested size: 217.52844pt x 217.52844pt.
Package epstopdf Info: Source file: <sodb9/128_sec_et_hist_v5.eps>
(epstopdf)                    date: 2017-02-13 14:18:01
(epstopdf)                    size: 4615 bytes
(epstopdf)             Output file: <sodb9/128_sec_et_hist_v5-eps-converted-to.
pdf>
(epstopdf)                    date: 2017-02-13 15:49:53
(epstopdf)                    size: 12020 bytes
(epstopdf)             Command: <epstopdf --outfile=sodb9/128_sec_et_hist_v5-ep
s-converted-to.pdf sodb9/128_sec_et_hist_v5.eps>
(epstopdf)             \includegraphics on input line 47.
Package epstopdf Info: Output file is already uptodate.

<sodb9/128_sec_et_hist_v5-eps-converted-to.pdf, id=211, 505.89pt x 505.89pt>
File: sodb9/128_sec_et_hist_v5-eps-converted-to.pdf Graphic file (type pdf)

<use sodb9/128_sec_et_hist_v5-eps-converted-to.pdf>
Package pdftex.def Info: sodb9/128_sec_et_hist_v5-eps-converted-to.pdf used on 
input line 47.
(pdftex.def)             Requested size: 217.52844pt x 217.52844pt.
 [6 <./sodb9/1_sec_et_hist_v5-eps-converted-to.pdf> <./sodb9/2_sec_et_hist_v5-e
ps-converted-to.pdf> <./sodb9/4_sec_et_hist_v5-eps-converted-to.pdf> <./sodb9/8
_sec_et_hist_v5-eps-converted-to.pdf>] [7 <./sodb9/16_sec_et_hist_v5-eps-conver
ted-to.pdf> <./sodb9/32_sec_et_hist_v5-eps-converted-to.pdf> <./sodb9/64_sec_et
_hist_v5-eps-converted-to.pdf> <./sodb9/128_sec_et_hist_v5-eps-converted-to.pdf
>]
Package epstopdf Info: Source file: <sodb9/1_sec_pt_hist_v5.eps>
(epstopdf)                    date: 2017-02-13 14:18:27
(epstopdf)                    size: 4841 bytes
(epstopdf)             Output file: <sodb9/1_sec_pt_hist_v5-eps-converted-to.pd
f>
(epstopdf)                    date: 2017-02-13 15:49:54
(epstopdf)                    size: 11491 bytes
(epstopdf)             Command: <epstopdf --outfile=sodb9/1_sec_pt_hist_v5-eps-
converted-to.pdf sodb9/1_sec_pt_hist_v5.eps>
(epstopdf)             \includegraphics on input line 60.
Package epstopdf Info: Output file is already uptodate.

<sodb9/1_sec_pt_hist_v5-eps-converted-to.pdf, id=299, 505.89pt x 505.89pt>
File: sodb9/1_sec_pt_hist_v5-eps-converted-to.pdf Graphic file (type pdf)

<use sodb9/1_sec_pt_hist_v5-eps-converted-to.pdf>
Package pdftex.def Info: sodb9/1_sec_pt_hist_v5-eps-converted-to.pdf used on in
put line 60.
(pdftex.def)             Requested size: 217.52844pt x 217.52844pt.
Package epstopdf Info: Source file: <sodb9/2_sec_pt_hist_v5.eps>
(epstopdf)                    date: 2017-02-13 14:18:27
(epstopdf)                    size: 4897 bytes
(epstopdf)             Output file: <sodb9/2_sec_pt_hist_v5-eps-converted-to.pd
f>
(epstopdf)                    date: 2017-02-13 15:49:54
(epstopdf)                    size: 11677 bytes
(epstopdf)             Command: <epstopdf --outfile=sodb9/2_sec_pt_hist_v5-eps-
converted-to.pdf sodb9/2_sec_pt_hist_v5.eps>
(epstopdf)             \includegraphics on input line 64.
Package epstopdf Info: Output file is already uptodate.

<sodb9/2_sec_pt_hist_v5-eps-converted-to.pdf, id=300, 505.89pt x 505.89pt>
File: sodb9/2_sec_pt_hist_v5-eps-converted-to.pdf Graphic file (type pdf)

<use sodb9/2_sec_pt_hist_v5-eps-converted-to.pdf>
Package pdftex.def Info: sodb9/2_sec_pt_hist_v5-eps-converted-to.pdf used on in
put line 64.
(pdftex.def)             Requested size: 217.52844pt x 217.52844pt.
Package epstopdf Info: Source file: <sodb9/4_sec_pt_hist_v5.eps>
(epstopdf)                    date: 2017-02-13 14:18:27
(epstopdf)                    size: 4511 bytes
(epstopdf)             Output file: <sodb9/4_sec_pt_hist_v5-eps-converted-to.pd
f>
(epstopdf)                    date: 2017-02-13 15:49:54
(epstopdf)                    size: 11531 bytes
(epstopdf)             Command: <epstopdf --outfile=sodb9/4_sec_pt_hist_v5-eps-
converted-to.pdf sodb9/4_sec_pt_hist_v5.eps>
(epstopdf)             \includegraphics on input line 68.
Package epstopdf Info: Output file is already uptodate.

<sodb9/4_sec_pt_hist_v5-eps-converted-to.pdf, id=301, 505.89pt x 505.89pt>
File: sodb9/4_sec_pt_hist_v5-eps-converted-to.pdf Graphic file (type pdf)

<use sodb9/4_sec_pt_hist_v5-eps-converted-to.pdf>
Package pdftex.def Info: sodb9/4_sec_pt_hist_v5-eps-converted-to.pdf used on in
put line 68.
(pdftex.def)             Requested size: 217.52844pt x 217.52844pt.
Package epstopdf Info: Source file: <sodb9/8_sec_pt_hist_v5.eps>
(epstopdf)                    date: 2017-02-13 14:18:27
(epstopdf)                    size: 4456 bytes
(epstopdf)             Output file: <sodb9/8_sec_pt_hist_v5-eps-converted-to.pd
f>
(epstopdf)                    date: 2017-02-13 15:49:54
(epstopdf)                    size: 11751 bytes
(epstopdf)             Command: <epstopdf --outfile=sodb9/8_sec_pt_hist_v5-eps-
converted-to.pdf sodb9/8_sec_pt_hist_v5.eps>
(epstopdf)             \includegraphics on input line 72.
Package epstopdf Info: Output file is already uptodate.

<sodb9/8_sec_pt_hist_v5-eps-converted-to.pdf, id=302, 505.89pt x 505.89pt>
File: sodb9/8_sec_pt_hist_v5-eps-converted-to.pdf Graphic file (type pdf)

<use sodb9/8_sec_pt_hist_v5-eps-converted-to.pdf>
Package pdftex.def Info: sodb9/8_sec_pt_hist_v5-eps-converted-to.pdf used on in
put line 72.
(pdftex.def)             Requested size: 217.52844pt x 217.52844pt.
Package epstopdf Info: Source file: <sodb9/16_sec_pt_hist_v5.eps>
(epstopdf)                    date: 2017-02-13 14:18:27
(epstopdf)                    size: 4428 bytes
(epstopdf)             Output file: <sodb9/16_sec_pt_hist_v5-eps-converted-to.p
df>
(epstopdf)                    date: 2017-02-13 15:49:54
(epstopdf)                    size: 11797 bytes
(epstopdf)             Command: <epstopdf --outfile=sodb9/16_sec_pt_hist_v5-eps
-converted-to.pdf sodb9/16_sec_pt_hist_v5.eps>
(epstopdf)             \includegraphics on input line 81.
Package epstopdf Info: Output file is already uptodate.

<sodb9/16_sec_pt_hist_v5-eps-converted-to.pdf, id=303, 505.89pt x 505.89pt>
File: sodb9/16_sec_pt_hist_v5-eps-converted-to.pdf Graphic file (type pdf)

<use sodb9/16_sec_pt_hist_v5-eps-converted-to.pdf>
Package pdftex.def Info: sodb9/16_sec_pt_hist_v5-eps-converted-to.pdf used on i
nput line 81.
(pdftex.def)             Requested size: 217.52844pt x 217.52844pt.
Package epstopdf Info: Source file: <sodb9/32_sec_pt_hist_v5.eps>
(epstopdf)                    date: 2017-02-13 14:18:27
(epstopdf)                    size: 4664 bytes
(epstopdf)             Output file: <sodb9/32_sec_pt_hist_v5-eps-converted-to.p
df>
(epstopdf)                    date: 2017-02-13 15:49:55
(epstopdf)                    size: 12034 bytes
(epstopdf)             Command: <epstopdf --outfile=sodb9/32_sec_pt_hist_v5-eps
-converted-to.pdf sodb9/32_sec_pt_hist_v5.eps>
(epstopdf)             \includegraphics on input line 85.
Package epstopdf Info: Output file is already uptodate.

<sodb9/32_sec_pt_hist_v5-eps-converted-to.pdf, id=304, 505.89pt x 505.89pt>
File: sodb9/32_sec_pt_hist_v5-eps-converted-to.pdf Graphic file (type pdf)

<use sodb9/32_sec_pt_hist_v5-eps-converted-to.pdf>
Package pdftex.def Info: sodb9/32_sec_pt_hist_v5-eps-converted-to.pdf used on i
nput line 85.
(pdftex.def)             Requested size: 217.52844pt x 217.52844pt.
Package epstopdf Info: Source file: <sodb9/64_sec_pt_hist_v5.eps>
(epstopdf)                    date: 2017-02-13 14:18:27
(epstopdf)                    size: 4521 bytes
(epstopdf)             Output file: <sodb9/64_sec_pt_hist_v5-eps-converted-to.p
df>
(epstopdf)                    date: 2017-02-13 15:49:55
(epstopdf)                    size: 11808 bytes
(epstopdf)             Command: <epstopdf --outfile=sodb9/64_sec_pt_hist_v5-eps
-converted-to.pdf sodb9/64_sec_pt_hist_v5.eps>
(epstopdf)             \includegraphics on input line 89.
Package epstopdf Info: Output file is already uptodate.

<sodb9/64_sec_pt_hist_v5-eps-converted-to.pdf, id=305, 505.89pt x 505.89pt>
File: sodb9/64_sec_pt_hist_v5-eps-converted-to.pdf Graphic file (type pdf)

<use sodb9/64_sec_pt_hist_v5-eps-converted-to.pdf>
Package pdftex.def Info: sodb9/64_sec_pt_hist_v5-eps-converted-to.pdf used on i
nput line 89.
(pdftex.def)             Requested size: 217.52844pt x 217.52844pt.
Package epstopdf Info: Source file: <sodb9/128_sec_pt_hist_v5.eps>
(epstopdf)                    date: 2017-02-13 14:18:27
(epstopdf)                    size: 4587 bytes
(epstopdf)             Output file: <sodb9/128_sec_pt_hist_v5-eps-converted-to.
pdf>
(epstopdf)                    date: 2017-02-13 15:49:55
(epstopdf)                    size: 12044 bytes
(epstopdf)             Command: <epstopdf --outfile=sodb9/128_sec_pt_hist_v5-ep
s-converted-to.pdf sodb9/128_sec_pt_hist_v5.eps>
(epstopdf)             \includegraphics on input line 93.
Package epstopdf Info: Output file is already uptodate.

<sodb9/128_sec_pt_hist_v5-eps-converted-to.pdf, id=306, 505.89pt x 505.89pt>
File: sodb9/128_sec_pt_hist_v5-eps-converted-to.pdf Graphic file (type pdf)

<use sodb9/128_sec_pt_hist_v5-eps-converted-to.pdf>
Package pdftex.def Info: sodb9/128_sec_pt_hist_v5-eps-converted-to.pdf used on 
input line 93.
(pdftex.def)             Requested size: 217.52844pt x 217.52844pt.
) (./sodb10/res.tex [8 <./sodb9/1_sec_pt_hist_v5-eps-converted-to.pdf> <./sodb9
/2_sec_pt_hist_v5-eps-converted-to.pdf> <./sodb9/4_sec_pt_hist_v5-eps-converted
-to.pdf> <./sodb9/8_sec_pt_hist_v5-eps-converted-to.pdf>] [9 <./sodb9/16_sec_pt
_hist_v5-eps-converted-to.pdf> <./sodb9/32_sec_pt_hist_v5-eps-converted-to.pdf>
 <./sodb9/64_sec_pt_hist_v5-eps-converted-to.pdf> <./sodb9/128_sec_pt_hist_v5-e
ps-converted-to.pdf>]
Package epstopdf Info: Source file: <sodb10/1_sec_et_hist_v5.eps>
(epstopdf)                    date: 2017-02-13 15:16:29
(epstopdf)                    size: 4841 bytes
(epstopdf)             Output file: <sodb10/1_sec_et_hist_v5-eps-converted-to.p
df>
(epstopdf)                    date: 2017-02-13 15:49:55
(epstopdf)                    size: 11333 bytes
(epstopdf)             Command: <epstopdf --outfile=sodb10/1_sec_et_hist_v5-eps
-converted-to.pdf sodb10/1_sec_et_hist_v5.eps>
(epstopdf)             \includegraphics on input line 14.
Package epstopdf Info: Output file is already uptodate.

<sodb10/1_sec_et_hist_v5-eps-converted-to.pdf, id=394, 505.89pt x 505.89pt>
File: sodb10/1_sec_et_hist_v5-eps-converted-to.pdf Graphic file (type pdf)

<use sodb10/1_sec_et_hist_v5-eps-converted-to.pdf>
Package pdftex.def Info: sodb10/1_sec_et_hist_v5-eps-converted-to.pdf used on i
nput line 14.
(pdftex.def)             Requested size: 217.52844pt x 217.52844pt.
Package epstopdf Info: Source file: <sodb10/2_sec_et_hist_v5.eps>
(epstopdf)                    date: 2017-02-13 15:16:29
(epstopdf)                    size: 5128 bytes
(epstopdf)             Output file: <sodb10/2_sec_et_hist_v5-eps-converted-to.p
df>
(epstopdf)                    date: 2017-02-13 15:49:56
(epstopdf)                    size: 11689 bytes
(epstopdf)             Command: <epstopdf --outfile=sodb10/2_sec_et_hist_v5-eps
-converted-to.pdf sodb10/2_sec_et_hist_v5.eps>
(epstopdf)             \includegraphics on input line 18.
Package epstopdf Info: Output file is already uptodate.

<sodb10/2_sec_et_hist_v5-eps-converted-to.pdf, id=395, 505.89pt x 505.89pt>
File: sodb10/2_sec_et_hist_v5-eps-converted-to.pdf Graphic file (type pdf)

<use sodb10/2_sec_et_hist_v5-eps-converted-to.pdf>
Package pdftex.def Info: sodb10/2_sec_et_hist_v5-eps-converted-to.pdf used on i
nput line 18.
(pdftex.def)             Requested size: 217.52844pt x 217.52844pt.
Package epstopdf Info: Source file: <sodb10/4_sec_et_hist_v5.eps>
(epstopdf)                    date: 2017-02-13 15:16:29
(epstopdf)                    size: 4629 bytes
(epstopdf)             Output file: <sodb10/4_sec_et_hist_v5-eps-converted-to.p
df>
(epstopdf)                    date: 2017-02-13 15:49:56
(epstopdf)                    size: 11484 bytes
(epstopdf)             Command: <epstopdf --outfile=sodb10/4_sec_et_hist_v5-eps
-converted-to.pdf sodb10/4_sec_et_hist_v5.eps>
(epstopdf)             \includegraphics on input line 22.
Package epstopdf Info: Output file is already uptodate.

<sodb10/4_sec_et_hist_v5-eps-converted-to.pdf, id=396, 505.89pt x 505.89pt>
File: sodb10/4_sec_et_hist_v5-eps-converted-to.pdf Graphic file (type pdf)

<use sodb10/4_sec_et_hist_v5-eps-converted-to.pdf>
Package pdftex.def Info: sodb10/4_sec_et_hist_v5-eps-converted-to.pdf used on i
nput line 22.
(pdftex.def)             Requested size: 217.52844pt x 217.52844pt.
Package epstopdf Info: Source file: <sodb10/8_sec_et_hist_v5.eps>
(epstopdf)                    date: 2017-02-13 15:16:29
(epstopdf)                    size: 4312 bytes
(epstopdf)             Output file: <sodb10/8_sec_et_hist_v5-eps-converted-to.p
df>
(epstopdf)                    date: 2017-02-13 15:49:56
(epstopdf)                    size: 11474 bytes
(epstopdf)             Command: <epstopdf --outfile=sodb10/8_sec_et_hist_v5-eps
-converted-to.pdf sodb10/8_sec_et_hist_v5.eps>
(epstopdf)             \includegraphics on input line 26.
Package epstopdf Info: Output file is already uptodate.

<sodb10/8_sec_et_hist_v5-eps-converted-to.pdf, id=397, 505.89pt x 505.89pt>
File: sodb10/8_sec_et_hist_v5-eps-converted-to.pdf Graphic file (type pdf)

<use sodb10/8_sec_et_hist_v5-eps-converted-to.pdf>
Package pdftex.def Info: sodb10/8_sec_et_hist_v5-eps-converted-to.pdf used on i
nput line 26.
(pdftex.def)             Requested size: 217.52844pt x 217.52844pt.
Package epstopdf Info: Source file: <sodb10/16_sec_et_hist_v5.eps>
(epstopdf)                    date: 2017-02-13 15:16:29
(epstopdf)                    size: 4576 bytes
(epstopdf)             Output file: <sodb10/16_sec_et_hist_v5-eps-converted-to.
pdf>
(epstopdf)                    date: 2017-02-13 15:49:56
(epstopdf)                    size: 11654 bytes
(epstopdf)             Command: <epstopdf --outfile=sodb10/16_sec_et_hist_v5-ep
s-converted-to.pdf sodb10/16_sec_et_hist_v5.eps>
(epstopdf)             \includegraphics on input line 35.
Package epstopdf Info: Output file is already uptodate.

<sodb10/16_sec_et_hist_v5-eps-converted-to.pdf, id=398, 505.89pt x 505.89pt>
File: sodb10/16_sec_et_hist_v5-eps-converted-to.pdf Graphic file (type pdf)

<use sodb10/16_sec_et_hist_v5-eps-converted-to.pdf>
Package pdftex.def Info: sodb10/16_sec_et_hist_v5-eps-converted-to.pdf used on 
input line 35.
(pdftex.def)             Requested size: 217.52844pt x 217.52844pt.
Package epstopdf Info: Source file: <sodb10/32_sec_et_hist_v5.eps>
(epstopdf)                    date: 2017-02-13 15:16:29
(epstopdf)                    size: 4436 bytes
(epstopdf)             Output file: <sodb10/32_sec_et_hist_v5-eps-converted-to.
pdf>
(epstopdf)                    date: 2017-02-13 15:49:57
(epstopdf)                    size: 11904 bytes
(epstopdf)             Command: <epstopdf --outfile=sodb10/32_sec_et_hist_v5-ep
s-converted-to.pdf sodb10/32_sec_et_hist_v5.eps>
(epstopdf)             \includegraphics on input line 39.
Package epstopdf Info: Output file is already uptodate.

<sodb10/32_sec_et_hist_v5-eps-converted-to.pdf, id=399, 505.89pt x 505.89pt>
File: sodb10/32_sec_et_hist_v5-eps-converted-to.pdf Graphic file (type pdf)

<use sodb10/32_sec_et_hist_v5-eps-converted-to.pdf>
Package pdftex.def Info: sodb10/32_sec_et_hist_v5-eps-converted-to.pdf used on 
input line 39.
(pdftex.def)             Requested size: 217.52844pt x 217.52844pt.
Package epstopdf Info: Source file: <sodb10/64_sec_et_hist_v5.eps>
(epstopdf)                    date: 2017-02-13 15:16:29
(epstopdf)                    size: 4290 bytes
(epstopdf)             Output file: <sodb10/64_sec_et_hist_v5-eps-converted-to.
pdf>
(epstopdf)                    date: 2017-02-13 15:49:57
(epstopdf)                    size: 11661 bytes
(epstopdf)             Command: <epstopdf --outfile=sodb10/64_sec_et_hist_v5-ep
s-converted-to.pdf sodb10/64_sec_et_hist_v5.eps>
(epstopdf)             \includegraphics on input line 43.
Package epstopdf Info: Output file is already uptodate.

<sodb10/64_sec_et_hist_v5-eps-converted-to.pdf, id=400, 505.89pt x 505.89pt>
File: sodb10/64_sec_et_hist_v5-eps-converted-to.pdf Graphic file (type pdf)

<use sodb10/64_sec_et_hist_v5-eps-converted-to.pdf>
Package pdftex.def Info: sodb10/64_sec_et_hist_v5-eps-converted-to.pdf used on 
input line 43.
(pdftex.def)             Requested size: 217.52844pt x 217.52844pt.
Package epstopdf Info: Source file: <sodb10/128_sec_et_hist_v5.eps>
(epstopdf)                    date: 2017-02-13 15:16:31
(epstopdf)                    size: 4583 bytes
(epstopdf)             Output file: <sodb10/128_sec_et_hist_v5-eps-converted-to
.pdf>
(epstopdf)                    date: 2017-02-13 15:49:57
(epstopdf)                    size: 12015 bytes
(epstopdf)             Command: <epstopdf --outfile=sodb10/128_sec_et_hist_v5-e
ps-converted-to.pdf sodb10/128_sec_et_hist_v5.eps>
(epstopdf)             \includegraphics on input line 47.
Package epstopdf Info: Output file is already uptodate.

<sodb10/128_sec_et_hist_v5-eps-converted-to.pdf, id=401, 505.89pt x 505.89pt>
File: sodb10/128_sec_et_hist_v5-eps-converted-to.pdf Graphic file (type pdf)

<use sodb10/128_sec_et_hist_v5-eps-converted-to.pdf>
Package pdftex.def Info: sodb10/128_sec_et_hist_v5-eps-converted-to.pdf used on
 input line 47.
(pdftex.def)             Requested size: 217.52844pt x 217.52844pt.
 [10 <./sodb10/1_sec_et_hist_v5-eps-converted-to.pdf> <./sodb10/2_sec_et_hist_v
5-eps-converted-to.pdf> <./sodb10/4_sec_et_hist_v5-eps-converted-to.pdf> <./sod
b10/8_sec_et_hist_v5-eps-converted-to.pdf>] [11 <./sodb10/16_sec_et_hist_v5-eps
-converted-to.pdf> <./sodb10/32_sec_et_hist_v5-eps-converted-to.pdf> <./sodb10/
64_sec_et_hist_v5-eps-converted-to.pdf> <./sodb10/128_sec_et_hist_v5-eps-conver
ted-to.pdf>]
Package epstopdf Info: Source file: <sodb10/1_sec_pt_hist_v5.eps>
(epstopdf)                    date: 2017-02-13 15:16:25
(epstopdf)                    size: 4841 bytes
(epstopdf)             Output file: <sodb10/1_sec_pt_hist_v5-eps-converted-to.p
df>
(epstopdf)                    date: 2017-02-13 15:49:57
(epstopdf)                    size: 11466 bytes
(epstopdf)             Command: <epstopdf --outfile=sodb10/1_sec_pt_hist_v5-eps
-converted-to.pdf sodb10/1_sec_pt_hist_v5.eps>
(epstopdf)             \includegraphics on input line 60.
Package epstopdf Info: Output file is already uptodate.

<sodb10/1_sec_pt_hist_v5-eps-converted-to.pdf, id=489, 505.89pt x 505.89pt>
File: sodb10/1_sec_pt_hist_v5-eps-converted-to.pdf Graphic file (type pdf)

<use sodb10/1_sec_pt_hist_v5-eps-converted-to.pdf>
Package pdftex.def Info: sodb10/1_sec_pt_hist_v5-eps-converted-to.pdf used on i
nput line 60.
(pdftex.def)             Requested size: 217.52844pt x 217.52844pt.
Package epstopdf Info: Source file: <sodb10/2_sec_pt_hist_v5.eps>
(epstopdf)                    date: 2017-02-13 15:16:25
(epstopdf)                    size: 5041 bytes
(epstopdf)             Output file: <sodb10/2_sec_pt_hist_v5-eps-converted-to.p
df>
(epstopdf)                    date: 2017-02-13 15:49:58
(epstopdf)                    size: 11572 bytes
(epstopdf)             Command: <epstopdf --outfile=sodb10/2_sec_pt_hist_v5-eps
-converted-to.pdf sodb10/2_sec_pt_hist_v5.eps>
(epstopdf)             \includegraphics on input line 64.
Package epstopdf Info: Output file is already uptodate.

<sodb10/2_sec_pt_hist_v5-eps-converted-to.pdf, id=490, 505.89pt x 505.89pt>
File: sodb10/2_sec_pt_hist_v5-eps-converted-to.pdf Graphic file (type pdf)

<use sodb10/2_sec_pt_hist_v5-eps-converted-to.pdf>
Package pdftex.def Info: sodb10/2_sec_pt_hist_v5-eps-converted-to.pdf used on i
nput line 64.
(pdftex.def)             Requested size: 217.52844pt x 217.52844pt.
Package epstopdf Info: Source file: <sodb10/4_sec_pt_hist_v5.eps>
(epstopdf)                    date: 2017-02-13 15:16:25
(epstopdf)                    size: 4370 bytes
(epstopdf)             Output file: <sodb10/4_sec_pt_hist_v5-eps-converted-to.p
df>
(epstopdf)                    date: 2017-02-13 15:49:58
(epstopdf)                    size: 11606 bytes
(epstopdf)             Command: <epstopdf --outfile=sodb10/4_sec_pt_hist_v5-eps
-converted-to.pdf sodb10/4_sec_pt_hist_v5.eps>
(epstopdf)             \includegraphics on input line 68.
Package epstopdf Info: Output file is already uptodate.

<sodb10/4_sec_pt_hist_v5-eps-converted-to.pdf, id=491, 505.89pt x 505.89pt>
File: sodb10/4_sec_pt_hist_v5-eps-converted-to.pdf Graphic file (type pdf)

<use sodb10/4_sec_pt_hist_v5-eps-converted-to.pdf>
Package pdftex.def Info: sodb10/4_sec_pt_hist_v5-eps-converted-to.pdf used on i
nput line 68.
(pdftex.def)             Requested size: 217.52844pt x 217.52844pt.
Package epstopdf Info: Source file: <sodb10/8_sec_pt_hist_v5.eps>
(epstopdf)                    date: 2017-02-13 15:16:25
(epstopdf)                    size: 4283 bytes
(epstopdf)             Output file: <sodb10/8_sec_pt_hist_v5-eps-converted-to.p
df>
(epstopdf)                    date: 2017-02-13 15:49:58
(epstopdf)                    size: 11523 bytes
(epstopdf)             Command: <epstopdf --outfile=sodb10/8_sec_pt_hist_v5-eps
-converted-to.pdf sodb10/8_sec_pt_hist_v5.eps>
(epstopdf)             \includegraphics on input line 72.
Package epstopdf Info: Output file is already uptodate.

<sodb10/8_sec_pt_hist_v5-eps-converted-to.pdf, id=492, 505.89pt x 505.89pt>
File: sodb10/8_sec_pt_hist_v5-eps-converted-to.pdf Graphic file (type pdf)

<use sodb10/8_sec_pt_hist_v5-eps-converted-to.pdf>
Package pdftex.def Info: sodb10/8_sec_pt_hist_v5-eps-converted-to.pdf used on i
nput line 72.
(pdftex.def)             Requested size: 217.52844pt x 217.52844pt.
Package epstopdf Info: Source file: <sodb10/16_sec_pt_hist_v5.eps>
(epstopdf)                    date: 2017-02-13 15:16:25
(epstopdf)                    size: 4431 bytes
(epstopdf)             Output file: <sodb10/16_sec_pt_hist_v5-eps-converted-to.
pdf>
(epstopdf)                    date: 2017-02-13 15:49:58
(epstopdf)                    size: 11752 bytes
(epstopdf)             Command: <epstopdf --outfile=sodb10/16_sec_pt_hist_v5-ep
s-converted-to.pdf sodb10/16_sec_pt_hist_v5.eps>
(epstopdf)             \includegraphics on input line 81.
Package epstopdf Info: Output file is already uptodate.

<sodb10/16_sec_pt_hist_v5-eps-converted-to.pdf, id=493, 505.89pt x 505.89pt>
File: sodb10/16_sec_pt_hist_v5-eps-converted-to.pdf Graphic file (type pdf)

<use sodb10/16_sec_pt_hist_v5-eps-converted-to.pdf>
Package pdftex.def Info: sodb10/16_sec_pt_hist_v5-eps-converted-to.pdf used on 
input line 81.
(pdftex.def)             Requested size: 217.52844pt x 217.52844pt.
Package epstopdf Info: Source file: <sodb10/32_sec_pt_hist_v5.eps>
(epstopdf)                    date: 2017-02-13 15:16:25
(epstopdf)                    size: 4579 bytes
(epstopdf)             Output file: <sodb10/32_sec_pt_hist_v5-eps-converted-to.
pdf>
(epstopdf)                    date: 2017-02-13 15:49:59
(epstopdf)                    size: 11998 bytes
(epstopdf)             Command: <epstopdf --outfile=sodb10/32_sec_pt_hist_v5-ep
s-converted-to.pdf sodb10/32_sec_pt_hist_v5.eps>
(epstopdf)             \includegraphics on input line 85.
Package epstopdf Info: Output file is already uptodate.

<sodb10/32_sec_pt_hist_v5-eps-converted-to.pdf, id=494, 505.89pt x 505.89pt>
File: sodb10/32_sec_pt_hist_v5-eps-converted-to.pdf Graphic file (type pdf)

<use sodb10/32_sec_pt_hist_v5-eps-converted-to.pdf>
Package pdftex.def Info: sodb10/32_sec_pt_hist_v5-eps-converted-to.pdf used on 
input line 85.
(pdftex.def)             Requested size: 217.52844pt x 217.52844pt.
Package epstopdf Info: Source file: <sodb10/64_sec_pt_hist_v5.eps>
(epstopdf)                    date: 2017-02-13 15:16:26
(epstopdf)                    size: 4407 bytes
(epstopdf)             Output file: <sodb10/64_sec_pt_hist_v5-eps-converted-to.
pdf>
(epstopdf)                    date: 2017-02-13 15:49:59
(epstopdf)                    size: 11839 bytes
(epstopdf)             Command: <epstopdf --outfile=sodb10/64_sec_pt_hist_v5-ep
s-converted-to.pdf sodb10/64_sec_pt_hist_v5.eps>
(epstopdf)             \includegraphics on input line 89.
Package epstopdf Info: Output file is already uptodate.

<sodb10/64_sec_pt_hist_v5-eps-converted-to.pdf, id=495, 505.89pt x 505.89pt>
File: sodb10/64_sec_pt_hist_v5-eps-converted-to.pdf Graphic file (type pdf)

<use sodb10/64_sec_pt_hist_v5-eps-converted-to.pdf>
Package pdftex.def Info: sodb10/64_sec_pt_hist_v5-eps-converted-to.pdf used on 
input line 89.
(pdftex.def)             Requested size: 217.52844pt x 217.52844pt.
Package epstopdf Info: Source file: <sodb10/128_sec_pt_hist_v5.eps>
(epstopdf)                    date: 2017-02-13 15:16:26
(epstopdf)                    size: 4441 bytes
(epstopdf)             Output file: <sodb10/128_sec_pt_hist_v5-eps-converted-to
.pdf>
(epstopdf)                    date: 2017-02-13 15:49:59
(epstopdf)                    size: 11910 bytes
(epstopdf)             Command: <epstopdf --outfile=sodb10/128_sec_pt_hist_v5-e
ps-converted-to.pdf sodb10/128_sec_pt_hist_v5.eps>
(epstopdf)             \includegraphics on input line 93.
Package epstopdf Info: Output file is already uptodate.

<sodb10/128_sec_pt_hist_v5-eps-converted-to.pdf, id=496, 505.89pt x 505.89pt>
File: sodb10/128_sec_pt_hist_v5-eps-converted-to.pdf Graphic file (type pdf)

<use sodb10/128_sec_pt_hist_v5-eps-converted-to.pdf>
Package pdftex.def Info: sodb10/128_sec_pt_hist_v5-eps-converted-to.pdf used on
 input line 93.
(pdftex.def)             Requested size: 217.52844pt x 217.52844pt.
) (./sodb12/res.tex
[12 <./sodb10/1_sec_pt_hist_v5-eps-converted-to.pdf> <./sodb10/2_sec_pt_hist_v5
-eps-converted-to.pdf> <./sodb10/4_sec_pt_hist_v5-eps-converted-to.pdf> <./sodb
10/8_sec_pt_hist_v5-eps-converted-to.pdf>] [13 <./sodb10/16_sec_pt_hist_v5-eps-
converted-to.pdf> <./sodb10/32_sec_pt_hist_v5-eps-converted-to.pdf> <./sodb10/6
4_sec_pt_hist_v5-eps-converted-to.pdf> <./sodb10/128_sec_pt_hist_v5-eps-convert
ed-to.pdf>]
Package epstopdf Info: Source file: <sodb12/1_sec_et_hist_v5.eps>
(epstopdf)                    date: 2017-02-13 15:30:00
(epstopdf)                    size: 4810 bytes
(epstopdf)             Output file: <sodb12/1_sec_et_hist_v5-eps-converted-to.p
df>
(epstopdf)                    date: 2017-02-13 15:49:59
(epstopdf)                    size: 11339 bytes
(epstopdf)             Command: <epstopdf --outfile=sodb12/1_sec_et_hist_v5-eps
-converted-to.pdf sodb12/1_sec_et_hist_v5.eps>
(epstopdf)             \includegraphics on input line 14.
Package epstopdf Info: Output file is already uptodate.

<sodb12/1_sec_et_hist_v5-eps-converted-to.pdf, id=584, 505.89pt x 505.89pt>
File: sodb12/1_sec_et_hist_v5-eps-converted-to.pdf Graphic file (type pdf)

<use sodb12/1_sec_et_hist_v5-eps-converted-to.pdf>
Package pdftex.def Info: sodb12/1_sec_et_hist_v5-eps-converted-to.pdf used on i
nput line 14.
(pdftex.def)             Requested size: 217.52844pt x 217.52844pt.
Package epstopdf Info: Source file: <sodb12/2_sec_et_hist_v5.eps>
(epstopdf)                    date: 2017-02-13 15:30:00
(epstopdf)                    size: 5128 bytes
(epstopdf)             Output file: <sodb12/2_sec_et_hist_v5-eps-converted-to.p
df>
(epstopdf)                    date: 2017-02-13 15:49:59
(epstopdf)                    size: 11686 bytes
(epstopdf)             Command: <epstopdf --outfile=sodb12/2_sec_et_hist_v5-eps
-converted-to.pdf sodb12/2_sec_et_hist_v5.eps>
(epstopdf)             \includegraphics on input line 18.
Package epstopdf Info: Output file is already uptodate.

<sodb12/2_sec_et_hist_v5-eps-converted-to.pdf, id=585, 505.89pt x 505.89pt>
File: sodb12/2_sec_et_hist_v5-eps-converted-to.pdf Graphic file (type pdf)

<use sodb12/2_sec_et_hist_v5-eps-converted-to.pdf>
Package pdftex.def Info: sodb12/2_sec_et_hist_v5-eps-converted-to.pdf used on i
nput line 18.
(pdftex.def)             Requested size: 217.52844pt x 217.52844pt.
Package epstopdf Info: Source file: <sodb12/4_sec_et_hist_v5.eps>
(epstopdf)                    date: 2017-02-13 15:30:00
(epstopdf)                    size: 4564 bytes
(epstopdf)             Output file: <sodb12/4_sec_et_hist_v5-eps-converted-to.p
df>
(epstopdf)                    date: 2017-02-13 15:50:00
(epstopdf)                    size: 11552 bytes
(epstopdf)             Command: <epstopdf --outfile=sodb12/4_sec_et_hist_v5-eps
-converted-to.pdf sodb12/4_sec_et_hist_v5.eps>
(epstopdf)             \includegraphics on input line 22.
Package epstopdf Info: Output file is already uptodate.

<sodb12/4_sec_et_hist_v5-eps-converted-to.pdf, id=586, 505.89pt x 505.89pt>
File: sodb12/4_sec_et_hist_v5-eps-converted-to.pdf Graphic file (type pdf)

<use sodb12/4_sec_et_hist_v5-eps-converted-to.pdf>
Package pdftex.def Info: sodb12/4_sec_et_hist_v5-eps-converted-to.pdf used on i
nput line 22.
(pdftex.def)             Requested size: 217.52844pt x 217.52844pt.
Package epstopdf Info: Source file: <sodb12/8_sec_et_hist_v5.eps>
(epstopdf)                    date: 2017-02-13 15:30:00
(epstopdf)                    size: 4371 bytes
(epstopdf)             Output file: <sodb12/8_sec_et_hist_v5-eps-converted-to.p
df>
(epstopdf)                    date: 2017-02-13 15:50:00
(epstopdf)                    size: 11639 bytes
(epstopdf)             Command: <epstopdf --outfile=sodb12/8_sec_et_hist_v5-eps
-converted-to.pdf sodb12/8_sec_et_hist_v5.eps>
(epstopdf)             \includegraphics on input line 26.
Package epstopdf Info: Output file is already uptodate.

<sodb12/8_sec_et_hist_v5-eps-converted-to.pdf, id=587, 505.89pt x 505.89pt>
File: sodb12/8_sec_et_hist_v5-eps-converted-to.pdf Graphic file (type pdf)

<use sodb12/8_sec_et_hist_v5-eps-converted-to.pdf>
Package pdftex.def Info: sodb12/8_sec_et_hist_v5-eps-converted-to.pdf used on i
nput line 26.
(pdftex.def)             Requested size: 217.52844pt x 217.52844pt.
Package epstopdf Info: Source file: <sodb12/16_sec_et_hist_v5.eps>
(epstopdf)                    date: 2017-02-13 15:30:00
(epstopdf)                    size: 4316 bytes
(epstopdf)             Output file: <sodb12/16_sec_et_hist_v5-eps-converted-to.
pdf>
(epstopdf)                    date: 2017-02-13 15:50:00
(epstopdf)                    size: 11656 bytes
(epstopdf)             Command: <epstopdf --outfile=sodb12/16_sec_et_hist_v5-ep
s-converted-to.pdf sodb12/16_sec_et_hist_v5.eps>
(epstopdf)             \includegraphics on input line 35.
Package epstopdf Info: Output file is already uptodate.

<sodb12/16_sec_et_hist_v5-eps-converted-to.pdf, id=588, 505.89pt x 505.89pt>
File: sodb12/16_sec_et_hist_v5-eps-converted-to.pdf Graphic file (type pdf)

<use sodb12/16_sec_et_hist_v5-eps-converted-to.pdf>
Package pdftex.def Info: sodb12/16_sec_et_hist_v5-eps-converted-to.pdf used on 
input line 35.
(pdftex.def)             Requested size: 217.52844pt x 217.52844pt.
Package epstopdf Info: Source file: <sodb12/32_sec_et_hist_v5.eps>
(epstopdf)                    date: 2017-02-13 15:30:00
(epstopdf)                    size: 4461 bytes
(epstopdf)             Output file: <sodb12/32_sec_et_hist_v5-eps-converted-to.
pdf>
(epstopdf)                    date: 2017-02-13 15:50:00
(epstopdf)                    size: 11860 bytes
(epstopdf)             Command: <epstopdf --outfile=sodb12/32_sec_et_hist_v5-ep
s-converted-to.pdf sodb12/32_sec_et_hist_v5.eps>
(epstopdf)             \includegraphics on input line 39.
Package epstopdf Info: Output file is already uptodate.

<sodb12/32_sec_et_hist_v5-eps-converted-to.pdf, id=589, 505.89pt x 505.89pt>
File: sodb12/32_sec_et_hist_v5-eps-converted-to.pdf Graphic file (type pdf)

<use sodb12/32_sec_et_hist_v5-eps-converted-to.pdf>
Package pdftex.def Info: sodb12/32_sec_et_hist_v5-eps-converted-to.pdf used on 
input line 39.
(pdftex.def)             Requested size: 217.52844pt x 217.52844pt.
Package epstopdf Info: Source file: <sodb12/64_sec_et_hist_v5.eps>
(epstopdf)                    date: 2017-02-13 15:30:01
(epstopdf)                    size: 4317 bytes
(epstopdf)             Output file: <sodb12/64_sec_et_hist_v5-eps-converted-to.
pdf>
(epstopdf)                    date: 2017-02-13 15:50:01
(epstopdf)                    size: 11795 bytes
(epstopdf)             Command: <epstopdf --outfile=sodb12/64_sec_et_hist_v5-ep
s-converted-to.pdf sodb12/64_sec_et_hist_v5.eps>
(epstopdf)             \includegraphics on input line 43.
Package epstopdf Info: Output file is already uptodate.

<sodb12/64_sec_et_hist_v5-eps-converted-to.pdf, id=590, 505.89pt x 505.89pt>
File: sodb12/64_sec_et_hist_v5-eps-converted-to.pdf Graphic file (type pdf)

<use sodb12/64_sec_et_hist_v5-eps-converted-to.pdf>
Package pdftex.def Info: sodb12/64_sec_et_hist_v5-eps-converted-to.pdf used on 
input line 43.
(pdftex.def)             Requested size: 217.52844pt x 217.52844pt.
Package epstopdf Info: Source file: <sodb12/128_sec_et_hist_v5.eps>
(epstopdf)                    date: 2017-02-13 15:30:01
(epstopdf)                    size: 4528 bytes
(epstopdf)             Output file: <sodb12/128_sec_et_hist_v5-eps-converted-to
.pdf>
(epstopdf)                    date: 2017-02-13 15:50:01
(epstopdf)                    size: 11948 bytes
(epstopdf)             Command: <epstopdf --outfile=sodb12/128_sec_et_hist_v5-e
ps-converted-to.pdf sodb12/128_sec_et_hist_v5.eps>
(epstopdf)             \includegraphics on input line 47.
Package epstopdf Info: Output file is already uptodate.

<sodb12/128_sec_et_hist_v5-eps-converted-to.pdf, id=591, 505.89pt x 505.89pt>
File: sodb12/128_sec_et_hist_v5-eps-converted-to.pdf Graphic file (type pdf)

<use sodb12/128_sec_et_hist_v5-eps-converted-to.pdf>
Package pdftex.def Info: sodb12/128_sec_et_hist_v5-eps-converted-to.pdf used on
 input line 47.
(pdftex.def)             Requested size: 217.52844pt x 217.52844pt.
 [14 <./sodb12/1_sec_et_hist_v5-eps-converted-to.pdf> <./sodb12/2_sec_et_hist_v
5-eps-converted-to.pdf> <./sodb12/4_sec_et_hist_v5-eps-converted-to.pdf> <./sod
b12/8_sec_et_hist_v5-eps-converted-to.pdf>] [15 <./sodb12/16_sec_et_hist_v5-eps
-converted-to.pdf> <./sodb12/32_sec_et_hist_v5-eps-converted-to.pdf> <./sodb12/
64_sec_et_hist_v5-eps-converted-to.pdf> <./sodb12/128_sec_et_hist_v5-eps-conver
ted-to.pdf>]
Package epstopdf Info: Source file: <sodb12/1_sec_pt_hist_v5.eps>
(epstopdf)                    date: 2017-02-13 15:29:56
(epstopdf)                    size: 4810 bytes
(epstopdf)             Output file: <sodb12/1_sec_pt_hist_v5-eps-converted-to.p
df>
(epstopdf)                    date: 2017-02-13 15:50:01
(epstopdf)                    size: 11391 bytes
(epstopdf)             Command: <epstopdf --outfile=sodb12/1_sec_pt_hist_v5-eps
-converted-to.pdf sodb12/1_sec_pt_hist_v5.eps>
(epstopdf)             \includegraphics on input line 60.
Package epstopdf Info: Output file is already uptodate.

<sodb12/1_sec_pt_hist_v5-eps-converted-to.pdf, id=679, 505.89pt x 505.89pt>
File: sodb12/1_sec_pt_hist_v5-eps-converted-to.pdf Graphic file (type pdf)

<use sodb12/1_sec_pt_hist_v5-eps-converted-to.pdf>
Package pdftex.def Info: sodb12/1_sec_pt_hist_v5-eps-converted-to.pdf used on i
nput line 60.
(pdftex.def)             Requested size: 217.52844pt x 217.52844pt.
Package epstopdf Info: Source file: <sodb12/2_sec_pt_hist_v5.eps>
(epstopdf)                    date: 2017-02-13 15:29:56
(epstopdf)                    size: 4928 bytes
(epstopdf)             Output file: <sodb12/2_sec_pt_hist_v5-eps-converted-to.p
df>
(epstopdf)                    date: 2017-02-13 15:50:01
(epstopdf)                    size: 11556 bytes
(epstopdf)             Command: <epstopdf --outfile=sodb12/2_sec_pt_hist_v5-eps
-converted-to.pdf sodb12/2_sec_pt_hist_v5.eps>
(epstopdf)             \includegraphics on input line 64.
Package epstopdf Info: Output file is already uptodate.

<sodb12/2_sec_pt_hist_v5-eps-converted-to.pdf, id=680, 505.89pt x 505.89pt>
File: sodb12/2_sec_pt_hist_v5-eps-converted-to.pdf Graphic file (type pdf)

<use sodb12/2_sec_pt_hist_v5-eps-converted-to.pdf>
Package pdftex.def Info: sodb12/2_sec_pt_hist_v5-eps-converted-to.pdf used on i
nput line 64.
(pdftex.def)             Requested size: 217.52844pt x 217.52844pt.
Package epstopdf Info: Source file: <sodb12/4_sec_pt_hist_v5.eps>
(epstopdf)                    date: 2017-02-13 15:29:57
(epstopdf)                    size: 4537 bytes
(epstopdf)             Output file: <sodb12/4_sec_pt_hist_v5-eps-converted-to.p
df>
(epstopdf)                    date: 2017-02-13 15:50:02
(epstopdf)                    size: 11612 bytes
(epstopdf)             Command: <epstopdf --outfile=sodb12/4_sec_pt_hist_v5-eps
-converted-to.pdf sodb12/4_sec_pt_hist_v5.eps>
(epstopdf)             \includegraphics on input line 68.
Package epstopdf Info: Output file is already uptodate.

<sodb12/4_sec_pt_hist_v5-eps-converted-to.pdf, id=681, 505.89pt x 505.89pt>
File: sodb12/4_sec_pt_hist_v5-eps-converted-to.pdf Graphic file (type pdf)

<use sodb12/4_sec_pt_hist_v5-eps-converted-to.pdf>
Package pdftex.def Info: sodb12/4_sec_pt_hist_v5-eps-converted-to.pdf used on i
nput line 68.
(pdftex.def)             Requested size: 217.52844pt x 217.52844pt.
Package epstopdf Info: Source file: <sodb12/8_sec_pt_hist_v5.eps>
(epstopdf)                    date: 2017-02-13 15:29:57
(epstopdf)                    size: 4400 bytes
(epstopdf)             Output file: <sodb12/8_sec_pt_hist_v5-eps-converted-to.p
df>
(epstopdf)                    date: 2017-02-13 15:50:02
(epstopdf)                    size: 11738 bytes
(epstopdf)             Command: <epstopdf --outfile=sodb12/8_sec_pt_hist_v5-eps
-converted-to.pdf sodb12/8_sec_pt_hist_v5.eps>
(epstopdf)             \includegraphics on input line 72.
Package epstopdf Info: Output file is already uptodate.

<sodb12/8_sec_pt_hist_v5-eps-converted-to.pdf, id=682, 505.89pt x 505.89pt>
File: sodb12/8_sec_pt_hist_v5-eps-converted-to.pdf Graphic file (type pdf)

<use sodb12/8_sec_pt_hist_v5-eps-converted-to.pdf>
Package pdftex.def Info: sodb12/8_sec_pt_hist_v5-eps-converted-to.pdf used on i
nput line 72.
(pdftex.def)             Requested size: 217.52844pt x 217.52844pt.
Package epstopdf Info: Source file: <sodb12/16_sec_pt_hist_v5.eps>
(epstopdf)                    date: 2017-02-13 15:29:57
(epstopdf)                    size: 4227 bytes
(epstopdf)             Output file: <sodb12/16_sec_pt_hist_v5-eps-converted-to.
pdf>
(epstopdf)                    date: 2017-02-13 15:50:02
(epstopdf)                    size: 11614 bytes
(epstopdf)             Command: <epstopdf --outfile=sodb12/16_sec_pt_hist_v5-ep
s-converted-to.pdf sodb12/16_sec_pt_hist_v5.eps>
(epstopdf)             \includegraphics on input line 81.
Package epstopdf Info: Output file is already uptodate.

<sodb12/16_sec_pt_hist_v5-eps-converted-to.pdf, id=683, 505.89pt x 505.89pt>
File: sodb12/16_sec_pt_hist_v5-eps-converted-to.pdf Graphic file (type pdf)

<use sodb12/16_sec_pt_hist_v5-eps-converted-to.pdf>
Package pdftex.def Info: sodb12/16_sec_pt_hist_v5-eps-converted-to.pdf used on 
input line 81.
(pdftex.def)             Requested size: 217.52844pt x 217.52844pt.
Package epstopdf Info: Source file: <sodb12/32_sec_pt_hist_v5.eps>
(epstopdf)                    date: 2017-02-13 15:29:57
(epstopdf)                    size: 4487 bytes
(epstopdf)             Output file: <sodb12/32_sec_pt_hist_v5-eps-converted-to.
pdf>
(epstopdf)                    date: 2017-02-13 15:50:02
(epstopdf)                    size: 11704 bytes
(epstopdf)             Command: <epstopdf --outfile=sodb12/32_sec_pt_hist_v5-ep
s-converted-to.pdf sodb12/32_sec_pt_hist_v5.eps>
(epstopdf)             \includegraphics on input line 85.
Package epstopdf Info: Output file is already uptodate.

<sodb12/32_sec_pt_hist_v5-eps-converted-to.pdf, id=684, 505.89pt x 505.89pt>
File: sodb12/32_sec_pt_hist_v5-eps-converted-to.pdf Graphic file (type pdf)

<use sodb12/32_sec_pt_hist_v5-eps-converted-to.pdf>
Package pdftex.def Info: sodb12/32_sec_pt_hist_v5-eps-converted-to.pdf used on 
input line 85.
(pdftex.def)             Requested size: 217.52844pt x 217.52844pt.
Package epstopdf Info: Source file: <sodb12/64_sec_pt_hist_v5.eps>
(epstopdf)                    date: 2017-02-13 15:29:57
(epstopdf)                    size: 4348 bytes
(epstopdf)             Output file: <sodb12/64_sec_pt_hist_v5-eps-converted-to.
pdf>
(epstopdf)                    date: 2017-02-13 15:50:03
(epstopdf)                    size: 11772 bytes
(epstopdf)             Command: <epstopdf --outfile=sodb12/64_sec_pt_hist_v5-ep
s-converted-to.pdf sodb12/64_sec_pt_hist_v5.eps>
(epstopdf)             \includegraphics on input line 89.
Package epstopdf Info: Output file is already uptodate.

<sodb12/64_sec_pt_hist_v5-eps-converted-to.pdf, id=685, 505.89pt x 505.89pt>
File: sodb12/64_sec_pt_hist_v5-eps-converted-to.pdf Graphic file (type pdf)

<use sodb12/64_sec_pt_hist_v5-eps-converted-to.pdf>
Package pdftex.def Info: sodb12/64_sec_pt_hist_v5-eps-converted-to.pdf used on 
input line 89.
(pdftex.def)             Requested size: 217.52844pt x 217.52844pt.
Package epstopdf Info: Source file: <sodb12/128_sec_pt_hist_v5.eps>
(epstopdf)                    date: 2017-02-13 15:29:57
(epstopdf)                    size: 4472 bytes
(epstopdf)             Output file: <sodb12/128_sec_pt_hist_v5-eps-converted-to
.pdf>
(epstopdf)                    date: 2017-02-13 15:50:03
(epstopdf)                    size: 11976 bytes
(epstopdf)             Command: <epstopdf --outfile=sodb12/128_sec_pt_hist_v5-e
ps-converted-to.pdf sodb12/128_sec_pt_hist_v5.eps>
(epstopdf)             \includegraphics on input line 93.
Package epstopdf Info: Output file is already uptodate.

<sodb12/128_sec_pt_hist_v5-eps-converted-to.pdf, id=686, 505.89pt x 505.89pt>
File: sodb12/128_sec_pt_hist_v5-eps-converted-to.pdf Graphic file (type pdf)

<use sodb12/128_sec_pt_hist_v5-eps-converted-to.pdf>
Package pdftex.def Info: sodb12/128_sec_pt_hist_v5-eps-converted-to.pdf used on
 input line 93.
(pdftex.def)             Requested size: 217.52844pt x 217.52844pt.
) [16 <./sodb12/1_sec_pt_hist_v5-eps-converted-to.pdf> <./sodb12/2_sec_pt_hist_
v5-eps-converted-to.pdf> <./sodb12/4_sec_pt_hist_v5-eps-converted-to.pdf> <./so
db12/8_sec_pt_hist_v5-eps-converted-to.pdf>] [17 <./sodb12/16_sec_pt_hist_v5-ep
s-converted-to.pdf> <./sodb12/32_sec_pt_hist_v5-eps-converted-to.pdf> <./sodb12
/64_sec_pt_hist_v5-eps-converted-to.pdf> <./sodb12/128_sec_pt_hist_v5-eps-conve
rted-to.pdf>] (./paper.aux)

LaTeX Warning: There were multiply-defined labels.

 ) 
Here is how much of TeX's memory you used:
 10026 strings out of 493014
 184012 string characters out of 6133351
 235810 words of memory out of 5000000
 13376 multiletter control sequences out of 15000+600000
 7924 words of font info for 29 fonts, out of 8000000 for 9000
 1141 hyphenation exceptions out of 8191
 50i,11n,44p,486b,378s stack positions out of 5000i,500n,10000p,200000b,80000s
</usr/local/texlive/2016/texmf-dist/fonts/type1/public/amsfonts/cm/cmbx12.pfb
></usr/local/texlive/2016/texmf-dist/fonts/type1/public/amsfonts/cm/cmr10.pfb><
/usr/local/texlive/2016/texmf-dist/fonts/type1/public/amsfonts/cm/cmr12.pfb></u
sr/local/texlive/2016/texmf-dist/fonts/type1/public/amsfonts/cm/cmr17.pfb></usr
/local/texlive/2016/texmf-dist/fonts/type1/public/amsfonts/cm/cmr8.pfb></usr/lo
cal/texlive/2016/texmf-dist/fonts/type1/public/amsfonts/cm/cmsy10.pfb></usr/loc
al/texlive/2016/texmf-dist/fonts/type1/public/amsfonts/cm/cmtt10.pfb></usr/loca
l/texlive/2016/texmf-dist/fonts/type1/public/amsfonts/cm/cmtt12.pfb>
Output written on paper.pdf (17 pages, 620449 bytes).
PDF statistics:
 801 PDF objects out of 1000 (max. 8388607)
 511 compressed objects within 6 object streams
 0 named destinations out of 1000 (max. 500000)
 326 words of extra memory for PDF output out of 10000 (max. 10000000)

